TN:
SF:client\src\lib\analytics.ts
FN:6,(anonymous_0)
FN:22,(anonymous_1)
FN:29,(anonymous_2)
FN:36,(anonymous_3)
FN:44,(anonymous_4)
FN:50,(anonymous_5)
FN:58,(anonymous_6)
FN:63,(anonymous_7)
FN:67,(anonymous_8)
FN:72,(anonymous_9)
FNF:10
FNH:0
FNDA:0,(anonymous_0)
FNDA:0,(anonymous_1)
FNDA:0,(anonymous_2)
FNDA:0,(anonymous_3)
FNDA:0,(anonymous_4)
FNDA:0,(anonymous_5)
FNDA:0,(anonymous_6)
FNDA:0,(anonymous_7)
FNDA:0,(anonymous_8)
FNDA:0,(anonymous_9)
DA:6,0
DA:7,0
DA:8,0
DA:9,0
DA:12,0
DA:13,0
DA:14,0
DA:16,0
DA:22,0
DA:23,0
DA:29,0
DA:30,0
DA:36,0
DA:37,0
DA:44,0
DA:45,0
DA:50,0
DA:51,0
DA:57,0
DA:59,0
DA:60,0
DA:64,0
DA:68,0
DA:69,0
DA:73,0
LF:25
LH:0
BRDA:7,0,0,0
BRDA:7,0,1,0
BRDA:12,1,0,0
BRDA:12,1,1,0
BRDA:32,2,0,0
BRDA:32,2,1,0
BRDA:44,3,0,0
BRDA:60,4,0,0
BRDA:60,4,1,0
BRF:9
BRH:0
end_of_record
TN:
SF:client\src\lib\auth.ts
FN:23,isMockMode
FN:30,signOut
FN:41,signInAnonymously
FN:51,signInWithPopup
FN:61,signInWithRedirect
FN:72,getRedirectResult
FN:88,extractNameParts
FN:103,authenticateWithBackend
FN:149,registerUser
FN:163,loginUser
FN:182,loginWithGoogle
FN:284,handleGoogleRedirect
FN:329,loginAnonymously
FN:336,logoutUser
FN:349,(anonymous_14)
FN:354,(anonymous_15)
FN:360,(anonymous_16)
FN:367,setupRecaptcha
FN:379,(anonymous_18)
FN:388,sendPhoneVerification
FN:398,verifyPhoneCode
FNF:21
FNH:0
FNDA:0,isMockMode
FNDA:0,signOut
FNDA:0,signInAnonymously
FNDA:0,signInWithPopup
FNDA:0,signInWithRedirect
FNDA:0,getRedirectResult
FNDA:0,extractNameParts
FNDA:0,authenticateWithBackend
FNDA:0,registerUser
FNDA:0,loginUser
FNDA:0,loginWithGoogle
FNDA:0,handleGoogleRedirect
FNDA:0,loginAnonymously
FNDA:0,logoutUser
FNDA:0,(anonymous_14)
FNDA:0,(anonymous_15)
FNDA:0,(anonymous_16)
FNDA:0,setupRecaptcha
FNDA:0,(anonymous_18)
FNDA:0,sendPhoneVerification
FNDA:0,verifyPhoneCode
DA:24,0
DA:31,0
DA:32,0
DA:34,0
DA:42,0
DA:43,0
DA:45,0
DA:52,0
DA:53,0
DA:55,0
DA:62,0
DA:63,0
DA:65,0
DA:73,0
DA:74,0
DA:76,0
DA:89,0
DA:90,0
DA:93,0
DA:94,0
DA:95,0
DA:98,0
DA:99,0
DA:100,0
DA:104,0
DA:105,0
DA:107,0
DA:109,0
DA:110,0
DA:111,0
DA:114,0
DA:115,0
DA:116,0
DA:119,0
DA:120,0
DA:123,0
DA:133,0
DA:134,0
DA:135,0
DA:136,0
DA:137,0
DA:138,0
DA:143,0
DA:146,0
DA:150,0
DA:151,0
DA:153,0
DA:154,0
DA:155,0
DA:158,0
DA:160,0
DA:164,0
DA:165,0
DA:167,0
DA:168,0
DA:169,0
DA:172,0
DA:183,0
DA:184,0
DA:191,0
DA:193,0
DA:194,0
DA:196,0
DA:198,0
DA:199,0
DA:201,0
DA:202,0
DA:205,0
DA:206,0
DA:207,0
DA:210,0
DA:216,0
DA:218,0
DA:219,0
DA:222,0
DA:223,0
DA:226,0
DA:229,0
DA:230,0
DA:231,0
DA:235,0
DA:237,0
DA:241,0
DA:243,0
DA:247,0
DA:248,0
DA:252,0
DA:253,0
DA:257,0
DA:258,0
DA:259,0
DA:260,0
DA:262,0
DA:267,0
DA:268,0
DA:273,0
DA:276,0
DA:285,0
DA:287,0
DA:288,0
DA:289,0
DA:290,0
DA:295,0
DA:296,0
DA:297,0
DA:300,0
DA:301,0
DA:303,0
DA:305,0
DA:306,0
DA:307,0
DA:310,0
DA:311,0
DA:313,0
DA:314,0
DA:317,0
DA:318,0
DA:321,0
DA:322,0
DA:325,0
DA:330,0
DA:331,0
DA:333,0
DA:337,0
DA:338,0
DA:343,0
DA:346,0
DA:349,0
DA:350,0
DA:351,0
DA:352,0
DA:353,0
DA:354,0
DA:356,0
DA:358,0
DA:359,0
DA:360,0
DA:365,0
DA:368,0
DA:369,0
DA:372,0
DA:373,0
DA:374,0
DA:377,0
DA:384,0
DA:385,0
DA:389,0
DA:391,0
DA:392,0
DA:395,0
DA:399,0
DA:400,0
DA:401,0
DA:404,0
DA:405,0
DA:407,0
LF:156
LH:0
BRDA:31,0,0,0
BRDA:31,0,1,0
BRDA:42,1,0,0
BRDA:42,1,1,0
BRDA:52,2,0,0
BRDA:52,2,1,0
BRDA:62,3,0,0
BRDA:62,3,1,0
BRDA:73,4,0,0
BRDA:73,4,1,0
BRDA:89,5,0,0
BRDA:89,5,1,0
BRDA:94,6,0,0
BRDA:94,6,1,0
BRDA:99,7,0,0
BRDA:99,7,1,0
BRDA:103,8,0,0
BRDA:105,9,0,0
BRDA:105,9,1,0
BRDA:109,10,0,0
BRDA:109,10,1,0
BRDA:110,11,0,0
BRDA:110,11,1,0
BRDA:114,12,0,0
BRDA:114,12,1,0
BRDA:115,13,0,0
BRDA:115,13,1,0
BRDA:119,14,0,0
BRDA:119,14,1,0
BRDA:133,15,0,0
BRDA:133,15,1,0
BRDA:137,16,0,0
BRDA:137,16,1,0
BRDA:137,17,0,0
BRDA:137,17,1,0
BRDA:149,18,0,0
BRDA:153,19,0,0
BRDA:153,19,1,0
BRDA:153,20,0,0
BRDA:153,20,1,0
BRDA:154,21,0,0
BRDA:154,21,1,0
BRDA:167,22,0,0
BRDA:167,22,1,0
BRDA:182,23,0,0
BRDA:196,24,0,0
BRDA:196,24,1,0
BRDA:196,25,0,0
BRDA:196,25,1,0
BRDA:207,26,0,0
BRDA:207,26,1,0
BRDA:222,27,0,0
BRDA:222,27,1,0
BRDA:223,28,0,0
BRDA:223,28,1,0
BRDA:226,29,0,0
BRDA:226,29,1,0
BRDA:226,30,0,0
BRDA:226,30,1,0
BRDA:226,30,2,0
BRDA:235,31,0,0
BRDA:235,31,1,0
BRDA:235,32,0,0
BRDA:235,32,1,0
BRDA:241,33,0,0
BRDA:241,33,1,0
BRDA:241,34,0,0
BRDA:241,34,1,0
BRDA:247,35,0,0
BRDA:247,35,1,0
BRDA:252,36,0,0
BRDA:252,36,1,0
BRDA:262,37,0,0
BRDA:262,37,1,0
BRDA:276,38,0,0
BRDA:276,38,1,0
BRDA:288,39,0,0
BRDA:288,39,1,0
BRDA:288,40,0,0
BRDA:288,40,1,0
BRDA:295,41,0,0
BRDA:295,41,1,0
BRDA:303,42,0,0
BRDA:303,42,1,0
BRDA:314,43,0,0
BRDA:314,43,1,0
BRDA:317,44,0,0
BRDA:317,44,1,0
BRDA:321,45,0,0
BRDA:321,45,1,0
BRDA:351,46,0,0
BRDA:351,46,1,0
BRDA:351,47,0,0
BRDA:351,47,1,0
BRDA:353,48,0,0
BRDA:353,48,1,0
BRDA:359,49,0,0
BRDA:359,49,1,0
BRDA:368,50,0,0
BRDA:368,50,1,0
BRDA:372,51,0,0
BRDA:372,51,1,0
BRDA:391,52,0,0
BRDA:391,52,1,0
BRDA:400,53,0,0
BRDA:400,53,1,0
BRF:106
BRH:0
end_of_record
TN:
SF:client\src\lib\distance.ts
FN:9,calculateDistance
FN:35,formatDistance
FN:47,getProximity
FNF:3
FNH:0
FNDA:0,calculateDistance
FNDA:0,formatDistance
FNDA:0,getProximity
DA:15,0
DA:16,0
DA:17,0
DA:18,0
DA:19,0
DA:22,0
DA:25,0
DA:27,0
DA:36,0
DA:37,0
DA:39,0
DA:48,0
DA:49,0
DA:50,0
LF:14
LH:0
BRDA:36,0,0,0
BRDA:36,0,1,0
BRDA:48,1,0,0
BRDA:48,1,1,0
BRDA:49,2,0,0
BRDA:49,2,1,0
BRF:6
BRH:0
end_of_record
TN:
SF:client\src\lib\firebase.ts
FNF:0
FNH:0
DA:24,0
LF:1
LH:0
BRF:0
BRH:0
end_of_record
TN:
SF:client\src\lib\logger.ts
FN:13,createLogger
FN:25,(anonymous_1)
FN:26,(anonymous_2)
FN:27,(anonymous_3)
FN:29,(anonymous_4)
FN:35,logError
FN:43,logPerformance
FNF:7
FNH:0
FNDA:0,createLogger
FNDA:0,(anonymous_1)
FNDA:0,(anonymous_2)
FNDA:0,(anonymous_3)
FNDA:0,(anonymous_4)
FNDA:0,logError
FNDA:0,logPerformance
DA:1,0
DA:14,0
DA:15,0
DA:24,0
DA:33,0
DA:36,0
DA:44,0
DA:45,0
LF:8
LH:0
BRDA:14,0,0,0
BRDA:14,0,1,0
BRDA:43,1,0,0
BRDA:44,2,0,0
BRDA:44,2,1,0
BRF:5
BRH:0
end_of_record
TN:
SF:client\src\lib\queryClient.ts
FN:6,throwIfResNotOk
FN:17,apiRequest
FN:43,(anonymous_2)
FN:44,(anonymous_3)
FNF:4
FNH:0
FNDA:0,throwIfResNotOk
FNDA:0,apiRequest
FNDA:0,(anonymous_2)
FNDA:0,(anonymous_3)
DA:7,0
DA:8,0
DA:9,0
DA:22,0
DA:26,0
DA:33,0
DA:34,0
DA:43,0
DA:44,0
DA:45,0
DA:49,0
DA:50,0
DA:53,0
DA:54,0
DA:57,0
LF:15
LH:0
BRDA:7,0,0,0
BRDA:7,0,1,0
BRDA:8,1,0,0
BRDA:8,1,1,0
BRDA:22,2,0,0
BRDA:22,2,1,0
BRDA:29,3,0,0
BRDA:29,3,1,0
BRDA:49,4,0,0
BRDA:49,4,1,0
BRDA:49,5,0,0
BRDA:49,5,1,0
BRF:12
BRH:0
end_of_record
TN:
SF:client\src\lib\socket-types.ts
FNF:0
FNH:0
LF:0
LH:0
BRF:0
BRH:0
end_of_record
TN:
SF:client\src\lib\useSocket.ts
FN:72,useSocket
FN:79,(anonymous_1)
FN:110,(anonymous_2)
FN:115,(anonymous_3)
FN:125,(anonymous_4)
FN:130,(anonymous_5)
FN:134,(anonymous_6)
FN:145,(anonymous_7)
FN:154,(anonymous_8)
FN:158,(anonymous_9)
FN:166,(anonymous_10)
FN:192,useSocketEvent
FN:197,(anonymous_12)
FN:202,(anonymous_13)
FNF:14
FNH:0
FNDA:0,useSocket
FNDA:0,(anonymous_1)
FNDA:0,(anonymous_2)
FNDA:0,(anonymous_3)
FNDA:0,(anonymous_4)
FNDA:0,(anonymous_5)
FNDA:0,(anonymous_6)
FNDA:0,(anonymous_7)
FNDA:0,(anonymous_8)
FNDA:0,(anonymous_9)
FNDA:0,(anonymous_10)
FNDA:0,useSocketEvent
FNDA:0,(anonymous_12)
FNDA:0,(anonymous_13)
DA:73,0
DA:75,0
DA:76,0
DA:77,0
DA:79,0
DA:81,0
DA:82,0
DA:86,0
DA:87,0
DA:88,0
DA:89,0
DA:90,0
DA:93,0
DA:94,0
DA:96,0
DA:98,0
DA:101,0
DA:110,0
DA:111,0
DA:112,0
DA:115,0
DA:116,0
DA:118,0
DA:121,0
DA:125,0
DA:126,0
DA:127,0
DA:130,0
DA:131,0
DA:134,0
DA:135,0
DA:138,0
DA:140,0
DA:141,0
DA:145,0
DA:146,0
DA:147,0
DA:148,0
DA:149,0
DA:154,0
DA:155,0
DA:158,0
DA:159,0
DA:160,0
DA:162,0
DA:166,0
DA:167,0
DA:168,0
DA:172,0
DA:197,0
DA:198,0
DA:200,0
DA:202,0
DA:203,0
LF:54
LH:0
BRDA:72,0,0,0
BRDA:73,1,0,0
BRDA:73,2,0,0
BRDA:73,3,0,0
BRDA:81,4,0,0
BRDA:81,4,1,0
BRDA:87,5,0,0
BRDA:87,5,1,0
BRDA:116,6,0,0
BRDA:116,6,1,0
BRDA:140,7,0,0
BRDA:140,7,1,0
BRDA:146,8,0,0
BRDA:146,8,1,0
BRDA:155,9,0,0
BRDA:155,9,1,0
BRDA:159,10,0,0
BRDA:159,10,1,0
BRDA:198,11,0,0
BRDA:198,11,1,0
BRF:20
BRH:0
end_of_record
TN:
SF:client\src\lib\utils.ts
FN:4,cn
FNF:1
FNH:0
FNDA:0,cn
DA:5,0
LF:1
LH:0
BRF:0
BRH:0
end_of_record
TN:
SF:client\src\lib\api-sdk\checkins.ts
FN:3,getUserCheckins
FN:6,(anonymous_1)
FNF:2
FNH:0
FNDA:0,getUserCheckins
FNDA:0,(anonymous_1)
DA:4,0
DA:5,0
DA:6,0
DA:7,0
DA:9,0
DA:10,0
DA:11,0
LF:7
LH:0
BRDA:5,0,0,0
BRDA:5,0,1,0
BRDA:7,1,0,0
BRDA:7,1,1,0
BRDA:10,2,0,0
BRDA:10,2,1,0
BRDA:11,3,0,0
BRDA:11,3,1,0
BRF:8
BRH:0
end_of_record
TN:
SF:client\src\lib\cart\index.ts
FNF:0
FNH:0
LF:0
LH:0
BRF:0
BRH:0
end_of_record
TN:
SF:client\src\lib\cart\store.ts
FN:34,clampQuantity
FN:41,calculateTotals
FN:43,(anonymous_2)
FN:58,(anonymous_3)
FN:66,(anonymous_4)
FN:68,(anonymous_5)
FN:77,(anonymous_6)
FN:106,(anonymous_7)
FN:107,(anonymous_8)
FN:108,(anonymous_9)
FN:117,(anonymous_10)
FN:123,(anonymous_11)
FN:124,(anonymous_12)
FN:135,(anonymous_13)
FN:143,(anonymous_14)
FN:159,(anonymous_15)
FN:160,(anonymous_16)
FN:166,(anonymous_17)
FN:167,(anonymous_18)
FN:173,(anonymous_19)
FN:175,(anonymous_20)
FN:193,(anonymous_21)
FN:194,(anonymous_22)
FN:200,(anonymous_23)
FN:201,(anonymous_24)
FN:207,(anonymous_25)
FNF:26
FNH:0
FNDA:0,clampQuantity
FNDA:0,calculateTotals
FNDA:0,(anonymous_2)
FNDA:0,(anonymous_3)
FNDA:0,(anonymous_4)
FNDA:0,(anonymous_5)
FNDA:0,(anonymous_6)
FNDA:0,(anonymous_7)
FNDA:0,(anonymous_8)
FNDA:0,(anonymous_9)
FNDA:0,(anonymous_10)
FNDA:0,(anonymous_11)
FNDA:0,(anonymous_12)
FNDA:0,(anonymous_13)
FNDA:0,(anonymous_14)
FNDA:0,(anonymous_15)
FNDA:0,(anonymous_16)
FNDA:0,(anonymous_17)
FNDA:0,(anonymous_18)
FNDA:0,(anonymous_19)
FNDA:0,(anonymous_20)
FNDA:0,(anonymous_21)
FNDA:0,(anonymous_22)
FNDA:0,(anonymous_23)
FNDA:0,(anonymous_24)
FNDA:0,(anonymous_25)
DA:35,0
DA:42,0
DA:43,0
DA:56,0
DA:58,0
DA:67,0
DA:68,0
DA:69,0
DA:71,0
DA:72,0
DA:76,0
DA:78,0
DA:82,0
DA:89,0
DA:94,0
DA:96,0
DA:107,0
DA:108,0
DA:118,0
DA:119,0
DA:120,0
DA:123,0
DA:125,0
DA:126,0
DA:127,0
DA:136,0
DA:144,0
DA:145,0
DA:147,0
DA:160,0
DA:167,0
DA:173,0
DA:176,0
DA:178,0
DA:180,0
DA:193,0
DA:194,0
DA:200,0
DA:201,0
DA:207,0
DA:208,0
LF:41
LH:0
BRDA:34,0,0,0
BRDA:69,1,0,0
BRDA:69,1,1,0
BRDA:71,2,0,0
BRDA:71,2,1,0
BRDA:72,3,0,0
BRDA:72,3,1,0
BRDA:78,4,0,0
BRDA:78,4,1,0
BRDA:118,5,0,0
BRDA:118,5,1,0
BRDA:125,6,0,0
BRDA:125,6,1,0
BRDA:126,7,0,0
BRDA:126,7,1,0
BRDA:176,8,0,0
BRDA:176,8,1,0
BRF:17
BRH:0
end_of_record
TN:
SF:client\src\lib\cart\types.ts
FNF:0
FNH:0
DA:112,1
DA:115,1
DA:118,1
DA:121,1
LF:4
LH:4
BRF:0
BRH:0
end_of_record
TN:
SF:client\src\lib\firebase\auth.service.ts
FN:64,createAuthError
FN:82,setAuthPersistence
FN:108,signUpWithEmail
FN:149,signInWithEmail
FN:174,isMobileDevice
FN:187,signInWithGoogle
FN:233,getGoogleRedirectResult
FN:248,signInAnonymously
FN:266,signOutUser
FN:280,onAuthStateChange
FN:283,(anonymous_10)
FN:293,getCurrentUser
FN:303,resetPassword
FN:316,resendVerificationEmail
FNF:14
FNH:0
FNDA:0,createAuthError
FNDA:0,setAuthPersistence
FNDA:0,signUpWithEmail
FNDA:0,signInWithEmail
FNDA:0,isMobileDevice
FNDA:0,signInWithGoogle
FNDA:0,getGoogleRedirectResult
FNDA:0,signInAnonymously
FNDA:0,signOutUser
FNDA:0,onAuthStateChange
FNDA:0,(anonymous_10)
FNDA:0,getCurrentUser
FNDA:0,resetPassword
FNDA:0,resendVerificationEmail
DA:43,0
DA:65,0
DA:66,0
DA:67,0
DA:68,0
DA:70,0
DA:71,0
DA:83,0
DA:84,0
DA:85,0
DA:90,0
DA:113,0
DA:114,0
DA:116,0
DA:117,0
DA:118,0
DA:119,0
DA:120,0
DA:123,0
DA:128,0
DA:129,0
DA:133,0
DA:135,0
DA:137,0
DA:153,0
DA:154,0
DA:155,0
DA:156,0
DA:157,0
DA:159,0
DA:160,0
DA:168,0
DA:169,0
DA:175,0
DA:188,0
DA:189,0
DA:190,0
DA:192,0
DA:193,0
DA:195,0
DA:196,0
DA:197,0
DA:201,0
DA:202,0
DA:203,0
DA:204,0
DA:205,0
DA:207,0
DA:208,0
DA:209,0
DA:210,0
DA:213,0
DA:214,0
DA:215,0
DA:216,0
DA:219,0
DA:222,0
DA:223,0
DA:234,0
DA:235,0
DA:236,0
DA:238,0
DA:249,0
DA:250,0
DA:251,0
DA:253,0
DA:267,0
DA:268,0
DA:270,0
DA:283,0
DA:284,0
DA:294,0
DA:304,0
DA:305,0
DA:307,0
DA:317,0
DA:318,0
DA:319,0
DA:320,0
DA:322,0
DA:324,0
LF:81
LH:0
BRDA:67,0,0,0
BRDA:67,0,1,0
BRDA:68,1,0,0
BRDA:68,1,1,0
BRDA:68,1,2,0
BRDA:87,2,0,0
BRDA:87,2,1,0
BRDA:114,3,0,0
BRDA:114,3,1,0
BRDA:128,4,0,0
BRDA:128,4,1,0
BRDA:193,5,0,0
BRDA:193,5,1,0
BRDA:213,6,0,0
BRDA:213,6,1,0
BRDA:236,7,0,0
BRDA:236,7,1,0
BRDA:284,8,0,0
BRDA:284,8,1,0
BRDA:294,9,0,0
BRDA:294,9,1,0
BRDA:319,10,0,0
BRDA:319,10,1,0
BRF:23
BRH:0
end_of_record
TN:
SF:client\src\lib\firebase\auth.types.ts
FN:136,toAuthUser
FNF:1
FNH:0
FNDA:0,toAuthUser
DA:137,0
LF:1
LH:0
BRF:0
BRH:0
end_of_record
TN:
SF:client\src\lib\firebase\config.ts
FN:51,getFirebaseConfig
FN:89,initFirebase
FNF:2
FNH:0
FNDA:0,getFirebaseConfig
FNDA:0,initFirebase
DA:23,0
DA:53,0
DA:54,0
DA:57,0
DA:58,0
DA:59,0
DA:63,0
DA:64,0
DA:65,0
DA:68,0
DA:87,0
DA:90,0
DA:92,0
DA:94,0
DA:95,0
DA:96,0
DA:97,0
DA:99,0
DA:103,0
LF:19
LH:0
BRDA:57,0,0,0
BRDA:57,0,1,0
BRDA:57,1,0,0
BRDA:57,1,1,0
BRDA:63,2,0,0
BRDA:63,2,1,0
BRDA:70,3,0,0
BRDA:70,3,1,0
BRDA:72,4,0,0
BRDA:72,4,1,0
BRDA:73,5,0,0
BRDA:73,5,1,0
BRDA:74,6,0,0
BRDA:74,6,1,0
BRDA:90,7,0,0
BRDA:90,7,1,0
BRDA:94,8,0,0
BRDA:94,8,1,0
BRF:18
BRH:0
end_of_record
TN:
SF:client\src\lib\firebase\index.ts
FNF:0
FNH:0
LF:0
LH:0
BRF:0
BRH:0
end_of_record
TN:
SF:client\src\lib\firebase\profile.service.ts
FN:37,getProfile
FN:61,(anonymous_1)
FN:80,createProfile
FN:119,(anonymous_3)
FN:137,updateProfile
FN:161,getOrCreateProfile
FN:194,transformProfile
FN:210,toDate
FNF:8
FNH:0
FNDA:0,getProfile
FNDA:0,(anonymous_1)
FNDA:0,createProfile
FNDA:0,(anonymous_3)
FNDA:0,updateProfile
FNDA:0,getOrCreateProfile
FNDA:0,transformProfile
FNDA:0,toDate
DA:25,0
DA:40,0
DA:43,0
DA:44,0
DA:45,0
DA:46,0
DA:48,0
DA:49,0
DA:52,0
DA:53,0
DA:55,0
DA:56,0
DA:59,0
DA:60,0
DA:61,0
DA:62,0
DA:65,0
DA:69,0
DA:70,0
DA:85,0
DA:89,0
DA:101,0
DA:103,0
DA:104,0
DA:105,0
DA:106,0
DA:108,0
DA:114,0
DA:117,0
DA:118,0
DA:119,0
DA:120,0
DA:123,0
DA:127,0
DA:141,0
DA:142,0
DA:143,0
DA:148,0
DA:149,0
DA:166,0
DA:168,0
DA:169,0
DA:173,0
DA:174,0
DA:175,0
DA:178,0
DA:195,0
DA:211,0
DA:212,0
DA:214,0
DA:215,0
DA:217,0
LF:52
LH:0
BRDA:48,0,0,0
BRDA:48,0,1,0
BRDA:56,1,0,0
BRDA:56,1,1,0
BRDA:59,2,0,0
BRDA:59,2,1,0
BRDA:59,3,0,0
BRDA:59,3,1,0
BRDA:85,4,0,0
BRDA:85,4,1,0
BRDA:85,4,2,0
BRDA:93,5,0,0
BRDA:93,5,1,0
BRDA:94,6,0,0
BRDA:94,6,1,0
BRDA:95,7,0,0
BRDA:95,7,1,0
BRDA:114,8,0,0
BRDA:114,8,1,0
BRDA:117,9,0,0
BRDA:117,9,1,0
BRDA:117,10,0,0
BRDA:117,10,1,0
BRDA:168,11,0,0
BRDA:168,11,1,0
BRDA:173,12,0,0
BRDA:173,12,1,0
BRDA:174,13,0,0
BRDA:174,13,1,0
BRDA:174,13,2,0
BRDA:175,14,0,0
BRDA:175,14,1,0
BRDA:175,14,2,0
BRDA:179,15,0,0
BRDA:179,15,1,0
BRDA:180,16,0,0
BRDA:180,16,1,0
BRDA:181,17,0,0
BRDA:181,17,1,0
BRDA:182,18,0,0
BRDA:182,18,1,0
BRDA:199,19,0,0
BRDA:199,19,1,0
BRDA:200,20,0,0
BRDA:200,20,1,0
BRDA:201,21,0,0
BRDA:201,21,1,0
BRDA:211,22,0,0
BRDA:211,22,1,0
BRDA:214,23,0,0
BRDA:214,23,1,0
BRDA:214,24,0,0
BRDA:214,24,1,0
BRDA:214,24,2,0
BRF:54
BRH:0
end_of_record
TN:
SF:client\src\lib\firestore\hooks.ts
FN:31,useFirestoreCollection
FN:41,(anonymous_1)
FN:60,(anonymous_2)
FN:61,(anonymous_3)
FN:68,(anonymous_4)
FN:80,(anonymous_5)
FN:90,useFirestoreDocument
FN:100,(anonymous_7)
FN:117,(anonymous_8)
FN:128,(anonymous_9)
FN:140,(anonymous_10)
FNF:11
FNH:0
FNDA:0,useFirestoreCollection
FNDA:0,(anonymous_1)
FNDA:0,(anonymous_2)
FNDA:0,(anonymous_3)
FNDA:0,(anonymous_4)
FNDA:0,(anonymous_5)
FNDA:0,useFirestoreDocument
FNDA:0,(anonymous_7)
FNDA:0,(anonymous_8)
FNDA:0,(anonymous_9)
FNDA:0,(anonymous_10)
DA:36,0
DA:37,0
DA:38,0
DA:39,0
DA:41,0
DA:42,0
DA:43,0
DA:44,0
DA:47,0
DA:48,0
DA:52,0
DA:53,0
DA:54,0
DA:58,0
DA:61,0
DA:65,0
DA:66,0
DA:69,0
DA:70,0
DA:71,0
DA:75,0
DA:76,0
DA:77,0
DA:80,0
DA:81,0
DA:82,0
DA:87,0
DA:95,0
DA:96,0
DA:97,0
DA:98,0
DA:100,0
DA:101,0
DA:102,0
DA:103,0
DA:104,0
DA:107,0
DA:108,0
DA:112,0
DA:113,0
DA:115,0
DA:118,0
DA:119,0
DA:124,0
DA:126,0
DA:129,0
DA:130,0
DA:131,0
DA:135,0
DA:136,0
DA:137,0
DA:140,0
DA:141,0
DA:142,0
DA:147,0
LF:55
LH:0
BRDA:33,0,0,0
BRDA:34,1,0,0
BRDA:42,2,0,0
BRDA:42,2,1,0
BRDA:54,3,0,0
BRDA:54,3,1,0
BRDA:81,4,0,0
BRDA:81,4,1,0
BRDA:93,5,0,0
BRDA:98,6,0,0
BRDA:98,6,1,0
BRDA:101,7,0,0
BRDA:101,7,1,0
BRDA:101,8,0,0
BRDA:101,8,1,0
BRDA:118,9,0,0
BRDA:118,9,1,0
BRDA:141,10,0,0
BRDA:141,10,1,0
BRF:19
BRH:0
end_of_record
TN:
SF:client\src\lib\firestore\index.ts
FNF:0
FNH:0
DA:1,0
DA:2,0
LF:2
LH:0
BRF:0
BRH:0
end_of_record
TN:
SF:client\src\lib\firestore\operations.ts
FN:29,createDocument
FN:52,updateDocument
FN:65,deleteDocument
FN:73,getDocument
FN:90,queryDocuments
FN:98,(anonymous_5)
FNF:6
FNH:0
FNDA:0,createDocument
FNDA:0,updateDocument
FNDA:0,deleteDocument
FNDA:0,getDocument
FNDA:0,queryDocuments
FNDA:0,(anonymous_5)
DA:17,0
DA:34,0
DA:36,0
DA:37,0
DA:38,0
DA:42,0
DA:44,0
DA:48,0
DA:58,0
DA:59,0
DA:62,0
DA:69,0
DA:70,0
DA:77,0
DA:78,0
DA:80,0
DA:81,0
DA:87,0
DA:94,0
DA:95,0
DA:96,0
DA:98,0
LF:22
LH:0
BRDA:36,0,0,0
BRDA:36,0,1,0
BRDA:56,1,0,0
BRDA:59,2,0,0
BRDA:59,2,1,0
BRDA:80,3,0,0
BRDA:80,3,1,0
BRF:7
BRH:0
end_of_record
TN:
SF:client\src\lib\game\GameService.ts
FN:129,(anonymous_0)
FN:144,(anonymous_1)
FN:221,(anonymous_2)
FN:226,(anonymous_3)
FN:242,(anonymous_4)
FN:246,(anonymous_5)
FN:276,(anonymous_6)
FN:286,(anonymous_7)
FN:410,(anonymous_8)
FN:416,(anonymous_9)
FN:459,(anonymous_10)
FN:465,(anonymous_11)
FN:471,(anonymous_12)
FN:480,(anonymous_13)
FN:491,(anonymous_14)
FN:501,(anonymous_15)
FN:508,(anonymous_16)
FN:517,(anonymous_17)
FN:518,(anonymous_18)
FNF:19
FNH:0
FNDA:0,(anonymous_0)
FNDA:0,(anonymous_1)
FNDA:0,(anonymous_2)
FNDA:0,(anonymous_3)
FNDA:0,(anonymous_4)
FNDA:0,(anonymous_5)
FNDA:0,(anonymous_6)
FNDA:0,(anonymous_7)
FNDA:0,(anonymous_8)
FNDA:0,(anonymous_9)
FNDA:0,(anonymous_10)
FNDA:0,(anonymous_11)
FNDA:0,(anonymous_12)
FNDA:0,(anonymous_13)
FNDA:0,(anonymous_14)
FNDA:0,(anonymous_15)
FNDA:0,(anonymous_16)
FNDA:0,(anonymous_17)
FNDA:0,(anonymous_18)
DA:104,0
DA:105,0
DA:106,0
DA:116,0
DA:130,0
DA:131,0
DA:133,0
DA:134,0
DA:135,0
DA:138,0
DA:144,0
DA:145,0
DA:148,0
DA:149,0
DA:150,0
DA:151,0
DA:152,0
DA:157,0
DA:158,0
DA:159,0
DA:162,0
DA:163,0
DA:164,0
DA:167,0
DA:195,0
DA:197,0
DA:202,0
DA:203,0
DA:211,0
DA:215,0
DA:222,0
DA:223,0
DA:225,0
DA:226,0
DA:227,0
DA:228,0
DA:230,0
DA:231,0
DA:232,0
DA:235,0
DA:244,0
DA:246,0
DA:247,0
DA:250,0
DA:251,0
DA:253,0
DA:260,0
DA:261,0
DA:262,0
DA:281,0
DA:282,0
DA:284,0
DA:286,0
DA:287,0
DA:288,0
DA:290,0
DA:292,0
DA:293,0
DA:296,0
DA:297,0
DA:301,0
DA:302,0
DA:305,0
DA:306,0
DA:309,0
DA:311,0
DA:312,0
DA:314,0
DA:315,0
DA:317,0
DA:318,0
DA:321,0
DA:331,0
DA:336,0
DA:337,0
DA:339,0
DA:340,0
DA:345,0
DA:351,0
DA:356,0
DA:357,0
DA:359,0
DA:360,0
DA:364,0
DA:365,0
DA:366,0
DA:369,0
DA:371,0
DA:382,0
DA:390,0
DA:395,0
DA:411,0
DA:412,0
DA:414,0
DA:416,0
DA:417,0
DA:418,0
DA:420,0
DA:422,0
DA:423,0
DA:425,0
DA:426,0
DA:430,0
DA:431,0
DA:435,0
DA:436,0
DA:440,0
DA:442,0
DA:463,0
DA:465,0
DA:466,0
DA:467,0
DA:469,0
DA:472,0
DA:473,0
DA:481,0
DA:482,0
DA:484,0
DA:490,0
DA:491,0
DA:502,0
DA:509,0
DA:518,0
DA:519,0
LF:124
LH:0
BRDA:129,0,0,0
BRDA:131,1,0,0
BRDA:131,1,1,0
BRDA:134,2,0,0
BRDA:134,2,1,0
BRDA:150,3,0,0
BRDA:150,3,1,0
BRDA:157,4,0,0
BRDA:157,4,1,0
BRDA:162,5,0,0
BRDA:162,5,1,0
BRDA:223,6,0,0
BRDA:223,6,1,0
BRDA:228,7,0,0
BRDA:228,7,1,0
BRDA:231,8,0,0
BRDA:231,8,1,0
BRDA:247,9,0,0
BRDA:247,9,1,0
BRDA:251,10,0,0
BRDA:251,10,1,0
BRDA:261,11,0,0
BRDA:261,11,1,0
BRDA:282,12,0,0
BRDA:282,12,1,0
BRDA:290,13,0,0
BRDA:290,13,1,0
BRDA:296,14,0,0
BRDA:296,14,1,0
BRDA:301,15,0,0
BRDA:301,15,1,0
BRDA:306,16,0,0
BRDA:306,16,1,0
BRDA:309,17,0,0
BRDA:309,17,1,0
BRDA:311,18,0,0
BRDA:311,18,1,0
BRDA:314,19,0,0
BRDA:314,19,1,0
BRDA:317,20,0,0
BRDA:317,20,1,0
BRDA:325,21,0,0
BRDA:325,21,1,0
BRDA:331,22,0,0
BRDA:331,22,1,0
BRDA:336,23,0,0
BRDA:336,23,1,0
BRDA:339,24,0,0
BRDA:339,24,1,0
BRDA:351,25,0,0
BRDA:351,25,1,0
BRDA:356,26,0,0
BRDA:356,26,1,0
BRDA:359,27,0,0
BRDA:359,27,1,0
BRDA:364,28,0,0
BRDA:364,28,1,0
BRDA:365,29,0,0
BRDA:365,29,1,0
BRDA:369,30,0,0
BRDA:369,30,1,0
BRDA:390,31,0,0
BRDA:390,31,1,0
BRDA:412,32,0,0
BRDA:412,32,1,0
BRDA:420,33,0,0
BRDA:420,33,1,0
BRDA:425,34,0,0
BRDA:425,34,1,0
BRDA:430,35,0,0
BRDA:430,35,1,0
BRDA:435,36,0,0
BRDA:435,36,1,0
BRDA:440,37,0,0
BRDA:440,37,1,0
BRDA:466,38,0,0
BRDA:466,38,1,0
BRDA:482,39,0,0
BRDA:482,39,1,0
BRDA:509,40,0,0
BRDA:509,40,1,0
BRDA:509,40,2,0
BRDA:519,41,0,0
BRDA:519,41,1,0
BRF:84
BRH:0
end_of_record
TN:
SF:client\src\lib\game\index.ts
FNF:0
FNH:0
LF:0
LH:0
BRF:0
BRH:0
end_of_record
TN:
SF:client\src\lib\stores\user.ts
FN:26,(anonymous_0)
FN:30,(anonymous_1)
FN:31,(anonymous_2)
FN:32,(anonymous_3)
FN:33,(anonymous_4)
FN:38,useUserProfile
FN:42,(anonymous_6)
FN:55,(anonymous_7)
FN:110,cleanupUserAuth
FNF:9
FNH:0
FNDA:0,(anonymous_0)
FNDA:0,(anonymous_1)
FNDA:0,(anonymous_2)
FNDA:0,(anonymous_3)
FNDA:0,(anonymous_4)
FNDA:0,useUserProfile
FNDA:0,(anonymous_6)
FNDA:0,(anonymous_7)
FNDA:0,cleanupUserAuth
DA:26,0
DA:30,0
DA:31,0
DA:32,0
DA:33,0
DA:36,0
DA:40,0
DA:42,0
DA:43,0
DA:45,0
DA:46,0
DA:47,0
DA:48,0
DA:49,0
DA:51,0
DA:52,0
DA:55,0
DA:56,0
DA:57,0
DA:58,0
DA:59,0
DA:60,0
DA:62,0
DA:63,0
DA:64,0
DA:65,0
DA:66,0
DA:67,0
DA:68,0
DA:69,0
DA:72,0
DA:75,0
DA:77,0
DA:88,0
DA:89,0
DA:92,0
DA:96,0
DA:97,0
DA:101,0
DA:111,0
DA:112,0
DA:113,0
DA:115,0
LF:43
LH:0
BRDA:43,0,0,0
BRDA:43,0,1,0
BRDA:51,1,0,0
BRDA:51,1,1,0
BRDA:56,2,0,0
BRDA:56,2,1,0
BRDA:65,3,0,0
BRDA:65,3,1,0
BRDA:67,4,0,0
BRDA:67,4,1,0
BRDA:68,5,0,0
BRDA:68,5,1,0
BRDA:69,6,0,0
BRDA:69,6,1,0
BRDA:79,7,0,0
BRDA:79,7,1,0
BRDA:111,8,0,0
BRDA:111,8,1,0
BRF:18
BRH:0
end_of_record
TN:
SF:server\admin.ts
FNF:0
FNH:0
DA:5,0
DA:6,0
DA:7,0
DA:9,0
DA:13,0
DA:15,0
DA:16,0
DA:17,0
DA:19,0
DA:23,0
LF:10
LH:0
BRDA:5,0,0,0
BRDA:5,0,1,0
BRDA:7,1,0,0
BRDA:7,1,1,0
BRDA:10,2,0,0
BRDA:10,2,1,0
BRDA:15,3,0,0
BRDA:15,3,1,0
BRF:8
BRH:0
end_of_record
TN:
SF:server\api-docs.ts
FN:1109,generateHTMLDocs
FN:1302,(anonymous_1)
FN:1307,(anonymous_2)
FN:1320,(anonymous_3)
FN:1346,(anonymous_4)
FN:1365,(anonymous_5)
FNF:6
FNH:0
FNDA:0,generateHTMLDocs
FNDA:0,(anonymous_1)
FNDA:0,(anonymous_2)
FNDA:0,(anonymous_3)
FNDA:0,(anonymous_4)
FNDA:0,(anonymous_5)
DA:46,0
DA:1110,0
DA:1302,0
DA:1307,0
DA:1320,0
DA:1346,0
DA:1365,0
LF:7
LH:0
BRDA:1312,0,0,0
BRDA:1312,0,1,0
BRDA:1317,1,0,0
BRDA:1317,1,1,0
BRDA:1317,2,0,0
BRDA:1317,2,1,0
BRDA:1325,3,0,0
BRDA:1325,3,1,0
BRDA:1326,4,0,0
BRDA:1326,4,1,0
BRDA:1337,5,0,0
BRDA:1337,5,1,0
BRDA:1349,6,0,0
BRDA:1349,6,1,0
BRDA:1354,7,0,0
BRDA:1354,7,1,0
BRDA:1361,8,0,0
BRDA:1361,8,1,0
BRDA:1361,9,0,0
BRDA:1361,9,1,0
BRF:20
BRH:0
end_of_record
TN:
SF:server\db.ts
FN:26,initializeDatabase
FNF:1
FNH:0
FNDA:0,initializeDatabase
DA:7,0
DA:9,0
DA:10,0
DA:12,0
DA:13,0
DA:14,0
DA:15,0
DA:16,0
DA:19,0
DA:20,0
DA:21,0
DA:27,0
DA:28,0
DA:29,0
DA:32,0
DA:33,0
DA:35,0
DA:36,0
DA:38,0
DA:40,0
DA:41,0
DA:42,0
DA:52,0
DA:53,0
DA:55,0
DA:57,0
DA:60,0
DA:61,0
DA:62,0
LF:29
LH:0
BRDA:13,0,0,0
BRDA:13,0,1,0
BRDA:13,1,0,0
BRDA:13,1,1,0
BRDA:19,2,0,0
BRDA:19,2,1,0
BRDA:27,3,0,0
BRDA:27,3,1,0
BRDA:40,4,0,0
BRDA:40,4,1,0
BRDA:60,5,0,0
BRDA:60,5,1,0
BRDA:61,6,0,0
BRDA:61,6,1,0
BRF:14
BRH:0
end_of_record
TN:
SF:server\email.ts
FN:23,sendSubscriberNotification
FNF:1
FNH:0
FNDA:0,sendSubscriberNotification
DA:4,0
DA:24,0
DA:44,0
DA:45,0
DA:46,0
DA:48,0
LF:6
LH:0
BRF:0
BRH:0
end_of_record
TN:
SF:server\firestore.ts
FNF:0
FNH:0
DA:3,0
DA:5,0
LF:2
LH:0
BRF:0
BRH:0
end_of_record
TN:
SF:server\gemini-routes.ts
FN:9,(anonymous_0)
FN:25,(anonymous_1)
FNF:2
FNH:0
FNDA:0,(anonymous_0)
FNDA:0,(anonymous_1)
DA:6,0
DA:9,0
DA:10,0
DA:11,0
DA:13,0
DA:14,0
DA:17,0
DA:18,0
DA:20,0
DA:25,0
DA:26,0
DA:27,0
DA:29,0
DA:30,0
DA:33,0
DA:35,0
DA:40,0
DA:41,0
DA:42,0
DA:45,0
DA:47,0
LF:21
LH:0
BRDA:13,0,0,0
BRDA:13,0,1,0
BRDA:29,1,0,0
BRDA:29,1,1,0
BRF:4
BRH:0
end_of_record
TN:
SF:server\gemini.ts
FN:15,generateText
FN:44,generateTextStream
FN:62,generateFromTextAndImage
FNF:3
FNH:0
FNDA:0,generateText
FNDA:0,generateTextStream
FNDA:0,generateFromTextAndImage
DA:4,0
DA:7,0
DA:16,0
DA:17,0
DA:18,0
DA:19,0
DA:20,0
DA:22,0
DA:23,0
DA:45,0
DA:46,0
DA:47,0
DA:49,0
DA:50,0
DA:63,0
DA:64,0
DA:71,0
DA:72,0
DA:73,0
DA:75,0
DA:76,0
LF:21
LH:0
BRDA:4,0,0,0
BRDA:4,0,1,0
BRF:2
BRH:0
end_of_record
TN:
SF:server\index.ts
FN:45,(anonymous_0)
FN:94,(anonymous_1)
FN:115,(anonymous_2)
FN:122,(anonymous_3)
FN:134,(anonymous_4)
FN:137,(anonymous_5)
FN:143,(anonymous_6)
FN:146,(anonymous_7)
FNF:8
FNH:0
FNDA:0,(anonymous_0)
FNDA:0,(anonymous_1)
FNDA:0,(anonymous_2)
FNDA:0,(anonymous_3)
FNDA:0,(anonymous_4)
FNDA:0,(anonymous_5)
FNDA:0,(anonymous_6)
FNDA:0,(anonymous_7)
DA:16,0
DA:17,0
DA:19,0
DA:20,0
DA:23,0
DA:24,0
DA:44,0
DA:49,0
DA:51,0
DA:52,0
DA:54,0
DA:59,0
DA:62,0
DA:65,0
DA:66,0
DA:71,0
DA:78,0
DA:81,0
DA:84,0
DA:87,0
DA:90,0
DA:91,0
DA:94,0
DA:95,0
DA:96,0
DA:108,0
DA:109,0
DA:111,0
DA:112,0
DA:115,0
DA:116,0
DA:121,0
DA:122,0
DA:123,0
DA:124,0
DA:125,0
DA:126,0
DA:128,0
DA:129,0
DA:134,0
DA:135,0
DA:136,0
DA:137,0
DA:138,0
DA:139,0
DA:143,0
DA:144,0
DA:145,0
DA:146,0
DA:147,0
DA:148,0
LF:51
LH:0
BRDA:23,0,0,0
BRDA:23,0,1,0
BRDA:49,1,0,0
BRDA:49,1,1,0
BRDA:51,2,0,0
BRDA:51,2,1,0
BRDA:51,3,0,0
BRDA:51,3,1,0
BRDA:51,3,2,0
BRDA:108,4,0,0
BRDA:108,4,1,0
BRDA:121,5,0,0
BRDA:121,5,1,0
BRDA:123,6,0,0
BRDA:123,6,1,0
BRDA:124,7,0,0
BRDA:124,7,1,0
BRF:17
BRH:0
end_of_record
TN:
SF:server\logger.ts
FN:21,(anonymous_0)
FN:27,(anonymous_1)
FN:31,(anonymous_2)
FN:35,(anonymous_3)
FN:39,(anonymous_4)
FN:43,(anonymous_5)
FN:47,(anonymous_6)
FN:51,(anonymous_7)
FN:82,(anonymous_8)
FN:93,(anonymous_9)
FN:107,(anonymous_10)
FN:112,(anonymous_11)
FN:122,(anonymous_12)
FNF:13
FNH:1
FNDA:1,(anonymous_0)
FNDA:0,(anonymous_1)
FNDA:0,(anonymous_2)
FNDA:0,(anonymous_3)
FNDA:0,(anonymous_4)
FNDA:0,(anonymous_5)
FNDA:0,(anonymous_6)
FNDA:0,(anonymous_7)
FNDA:0,(anonymous_8)
FNDA:0,(anonymous_9)
FNDA:0,(anonymous_10)
FNDA:0,(anonymous_11)
FNDA:0,(anonymous_12)
DA:10,1
DA:22,1
DA:23,1
DA:24,1
DA:28,0
DA:32,0
DA:36,0
DA:40,0
DA:44,0
DA:48,0
DA:52,0
DA:53,0
DA:56,0
DA:57,0
DA:58,0
DA:59,0
DA:61,0
DA:63,0
DA:65,0
DA:66,0
DA:68,0
DA:69,0
DA:71,0
DA:72,0
DA:75,0
DA:76,0
DA:78,0
DA:83,0
DA:84,0
DA:85,0
DA:87,0
DA:88,0
DA:89,0
DA:92,0
DA:93,0
DA:94,0
DA:97,0
DA:98,0
DA:99,0
DA:102,0
DA:104,0
DA:108,0
DA:109,0
DA:113,0
DA:114,0
DA:116,0
DA:120,1
DA:122,1
LF:48
LH:6
BRDA:21,0,0,1
BRDA:23,1,0,1
BRDA:23,1,1,1
BRDA:23,1,2,1
BRDA:23,2,0,0
BRDA:23,2,1,1
BRDA:31,3,0,0
BRDA:35,4,0,0
BRDA:39,5,0,0
BRDA:43,6,0,0
BRDA:47,7,0,0
BRDA:52,8,0,0
BRDA:52,8,1,0
BRDA:59,9,0,0
BRDA:59,9,1,0
BRDA:63,10,0,0
BRDA:63,10,1,0
BRDA:63,10,2,0
BRDA:63,10,3,0
BRDA:63,10,4,0
BRDA:63,10,5,0
BRDA:85,11,0,0
BRDA:85,11,1,0
BRDA:87,12,0,0
BRDA:87,12,1,0
BRDA:87,13,0,0
BRDA:87,13,1,0
BRDA:92,14,0,0
BRDA:92,14,1,0
BRDA:93,15,0,0
BRDA:93,15,1,0
BRDA:97,16,0,0
BRDA:97,16,1,0
BRDA:97,17,0,0
BRDA:97,17,1,0
BRDA:109,18,0,0
BRDA:109,18,1,0
BRDA:109,18,2,0
BRDA:109,18,3,0
BRDA:113,19,0,0
BRDA:113,19,1,0
BRDA:120,20,0,1
BRDA:120,20,1,0
BRF:43
BRH:6
end_of_record
TN:
SF:server\routes.ts
FN:15,registerRoutes
FN:20,(anonymous_1)
FN:25,(anonymous_2)
FN:52,(anonymous_3)
FN:82,(anonymous_4)
FNF:5
FNH:0
FNDA:0,registerRoutes
FNDA:0,(anonymous_1)
FNDA:0,(anonymous_2)
FNDA:0,(anonymous_3)
FNDA:0,(anonymous_4)
DA:17,0
DA:20,0
DA:21,0
DA:22,0
DA:25,0
DA:27,0
DA:28,0
DA:32,0
DA:33,0
DA:34,0
DA:38,0
DA:43,0
DA:46,0
DA:52,0
DA:53,0
DA:54,0
DA:55,0
DA:58,0
DA:59,0
DA:60,0
DA:63,0
DA:65,0
DA:66,0
DA:67,0
DA:68,0
DA:71,0
DA:73,0
DA:74,0
DA:77,0
DA:82,0
DA:83,0
DA:84,0
DA:90,0
DA:97,0
DA:102,0
DA:103,0
LF:36
LH:0
BRDA:27,0,0,0
BRDA:27,0,1,0
BRDA:33,1,0,0
BRDA:33,1,1,0
BRDA:40,2,0,0
BRDA:40,2,1,0
BRDA:54,3,0,0
BRDA:54,3,1,0
BRDA:59,4,0,0
BRDA:59,4,1,0
BRDA:67,5,0,0
BRDA:67,5,1,0
BRDA:73,6,0,0
BRDA:73,6,1,0
BRDA:73,7,0,0
BRDA:73,7,1,0
BRDA:91,8,0,0
BRDA:91,8,1,0
BRDA:92,9,0,0
BRDA:92,9,1,0
BRDA:93,10,0,0
BRDA:93,10,1,0
BRF:22
BRH:0
end_of_record
TN:
SF:server\security.ts
FN:14,validateEnvironment
FN:25,generateSecureToken
FN:30,secureCompare
FN:36,isValidIP
FNF:4
FNH:3
FNDA:0,validateEnvironment
FNDA:106,generateSecureToken
FNDA:13,secureCompare
FNDA:25,isValidIP
DA:5,1
DA:15,0
DA:16,0
DA:19,0
DA:20,0
DA:26,106
DA:31,13
DA:32,10
DA:37,25
DA:38,25
DA:39,25
LF:11
LH:7
BRDA:15,0,0,0
BRDA:15,0,1,0
BRDA:19,1,0,0
BRDA:19,1,1,0
BRDA:19,2,0,0
BRDA:19,2,1,0
BRDA:25,3,0,106
BRDA:31,4,0,3
BRDA:31,4,1,10
BRDA:39,5,0,25
BRDA:39,5,1,18
BRF:11
BRH:5
end_of_record
TN:
SF:server\vite-dev.ts
FN:36,log
FN:47,setupVite
FN:63,(anonymous_2)
FN:75,(anonymous_3)
FN:93,serveStatic
FN:105,(anonymous_5)
FNF:6
FNH:0
FNDA:0,log
FNDA:0,setupVite
FNDA:0,(anonymous_2)
FNDA:0,(anonymous_3)
FNDA:0,serveStatic
FNDA:0,(anonymous_5)
DA:9,0
DA:10,0
DA:18,0
DA:29,0
DA:30,0
DA:31,0
DA:32,0
DA:33,0
DA:37,0
DA:44,0
DA:48,0
DA:49,0
DA:52,0
DA:58,0
DA:64,0
DA:65,0
DA:72,0
DA:75,0
DA:76,0
DA:78,0
DA:79,0
DA:82,0
DA:83,0
DA:84,0
DA:85,0
DA:87,0
DA:88,0
DA:94,0
DA:96,0
DA:97,0
DA:102,0
DA:105,0
DA:106,0
LF:33
LH:0
BRDA:29,0,0,0
BRDA:29,0,1,0
BRDA:36,1,0,0
BRDA:48,2,0,0
BRDA:48,2,1,0
BRDA:96,3,0,0
BRDA:96,3,1,0
BRF:7
BRH:0
end_of_record
TN:
SF:server\auth\audit.ts
FN:76,getClientIP
FN:111,(anonymous_1)
FN:171,(anonymous_2)
FN:192,(anonymous_3)
FN:211,(anonymous_4)
FN:230,(anonymous_5)
FN:249,(anonymous_6)
FN:268,(anonymous_7)
FN:285,(anonymous_8)
FN:312,(anonymous_9)
FN:329,(anonymous_10)
FNF:11
FNH:0
FNDA:0,getClientIP
FNDA:0,(anonymous_1)
FNDA:0,(anonymous_2)
FNDA:0,(anonymous_3)
FNDA:0,(anonymous_4)
FNDA:0,(anonymous_5)
FNDA:0,(anonymous_6)
FNDA:0,(anonymous_7)
FNDA:0,(anonymous_8)
FNDA:0,(anonymous_9)
FNDA:0,(anonymous_10)
DA:22,0
DA:82,0
DA:83,0
DA:84,0
DA:86,0
DA:90,0
DA:91,0
DA:92,0
DA:96,0
DA:112,0
DA:115,0
DA:116,0
DA:127,0
DA:128,0
DA:130,0
DA:134,0
DA:135,0
DA:161,0
DA:178,0
DA:198,0
DA:217,0
DA:236,0
DA:255,0
DA:273,0
DA:292,0
DA:299,0
DA:317,0
DA:335,0
LF:28
LH:0
BRDA:83,0,0,0
BRDA:83,0,1,0
BRDA:84,1,0,0
BRDA:84,1,1,0
BRDA:91,2,0,0
BRDA:91,2,1,0
BRDA:92,3,0,0
BRDA:92,3,1,0
BRDA:96,4,0,0
BRDA:96,4,1,0
BRDA:96,4,2,0
BRDA:127,5,0,0
BRDA:127,5,1,0
BRDA:148,6,0,0
BRDA:148,6,1,0
BRDA:149,7,0,0
BRDA:149,7,1,0
BRDA:151,8,0,0
BRDA:151,8,1,0
BRDA:152,9,0,0
BRDA:152,9,1,0
BRDA:154,10,0,0
BRDA:154,10,1,0
BRDA:162,11,0,0
BRDA:162,11,1,0
BRDA:176,12,0,0
BRF:26
BRH:0
end_of_record
TN:
SF:server\auth\email.ts
FN:8,(anonymous_0)
FN:56,(anonymous_1)
FN:108,(anonymous_2)
FN:116,sendVerificationEmail
FN:133,sendPasswordResetEmail
FNF:5
FNH:0
FNDA:0,(anonymous_0)
FNDA:0,(anonymous_1)
FNDA:0,(anonymous_2)
FNDA:0,sendVerificationEmail
FNDA:0,sendPasswordResetEmail
DA:5,0
DA:8,0
DA:56,0
DA:108,0
DA:109,0
DA:110,0
DA:112,0
DA:117,0
DA:118,0
DA:120,0
DA:121,0
DA:128,0
DA:134,0
DA:135,0
DA:137,0
DA:138,0
DA:145,0
LF:17
LH:0
BRDA:5,0,0,0
BRDA:5,0,1,0
BRDA:109,1,0,0
BRDA:109,1,1,0
BRDA:110,2,0,0
BRDA:110,2,1,0
BRDA:120,3,0,0
BRDA:120,3,1,0
BRDA:137,4,0,0
BRDA:137,4,1,0
BRF:10
BRH:0
end_of_record
TN:
SF:server\auth\lockout.ts
FN:46,(anonymous_0)
FN:108,(anonymous_1)
FN:195,(anonymous_2)
FN:212,(anonymous_3)
FN:235,(anonymous_4)
FNF:5
FNH:0
FNDA:0,(anonymous_0)
FNDA:0,(anonymous_1)
FNDA:0,(anonymous_2)
FNDA:0,(anonymous_3)
FNDA:0,(anonymous_4)
DA:36,0
DA:37,0
DA:38,0
DA:47,0
DA:49,0
DA:51,0
DA:61,0
DA:62,0
DA:70,0
DA:71,0
DA:82,0
DA:84,0
DA:90,0
DA:92,0
DA:113,0
DA:115,0
DA:117,0
DA:124,0
DA:125,0
DA:129,0
DA:137,0
DA:139,0
DA:141,0
DA:144,0
DA:162,0
DA:169,0
DA:175,0
DA:182,0
DA:184,0
DA:186,0
DA:196,0
DA:198,0
DA:202,0
DA:213,0
DA:215,0
DA:217,0
DA:222,0
DA:226,0
DA:228,0
DA:236,0
DA:237,0
DA:238,0
DA:240,0
DA:241,0
DA:244,0
DA:246,0
DA:247,0
DA:248,0
DA:249,0
DA:251,0
DA:252,0
LF:51
LH:0
BRDA:61,0,0,0
BRDA:61,0,1,0
BRDA:82,1,0,0
BRDA:82,1,1,0
BRDA:90,2,0,0
BRDA:90,2,1,0
BRDA:124,3,0,0
BRDA:124,3,1,0
BRDA:139,4,0,0
BRDA:139,4,1,0
BRDA:139,5,0,0
BRDA:139,5,1,0
BRDA:184,6,0,0
BRDA:184,6,1,0
BRDA:228,7,0,0
BRDA:228,7,1,0
BRDA:240,8,0,0
BRDA:240,8,1,0
BRDA:246,9,0,0
BRDA:246,9,1,0
BRDA:248,10,0,0
BRDA:248,10,1,0
BRDA:252,11,0,0
BRDA:252,11,1,0
BRF:24
BRH:0
end_of_record
TN:
SF:server\auth\mfa.ts
FN:47,encrypt
FN:64,decrypt
FN:83,generateSecret
FN:91,base32Encode
FN:117,base32Decode
FN:141,generateTOTP
FN:168,verifyTOTP
FN:193,generateBackupCodes
FN:217,(anonymous_8)
FN:228,(anonymous_9)
FN:270,(anonymous_10)
FN:310,(anonymous_11)
FN:340,(anonymous_12)
FN:391,(anonymous_13)
FN:409,(anonymous_14)
FN:417,(anonymous_15)
FN:429,(anonymous_16)
FN:443,(anonymous_17)
FNF:18
FNH:0
FNDA:0,encrypt
FNDA:0,decrypt
FNDA:0,generateSecret
FNDA:0,base32Encode
FNDA:0,base32Decode
FNDA:0,generateTOTP
FNDA:0,verifyTOTP
FNDA:0,generateBackupCodes
FNDA:0,(anonymous_8)
FNDA:0,(anonymous_9)
FNDA:0,(anonymous_10)
FNDA:0,(anonymous_11)
FNDA:0,(anonymous_12)
FNDA:0,(anonymous_13)
FNDA:0,(anonymous_14)
FNDA:0,(anonymous_15)
FNDA:0,(anonymous_16)
FNDA:0,(anonymous_17)
DA:31,0
DA:40,0
DA:41,0
DA:42,0
DA:48,0
DA:49,0
DA:50,0
DA:52,0
DA:53,0
DA:55,0
DA:58,0
DA:65,0
DA:67,0
DA:68,0
DA:69,0
DA:71,0
DA:72,0
DA:74,0
DA:75,0
DA:77,0
DA:84,0
DA:85,0
DA:92,0
DA:93,0
DA:94,0
DA:95,0
DA:97,0
DA:98,0
DA:99,0
DA:101,0
DA:102,0
DA:103,0
DA:107,0
DA:108,0
DA:111,0
DA:118,0
DA:119,0
DA:121,0
DA:122,0
DA:123,0
DA:125,0
DA:126,0
DA:127,0
DA:129,0
DA:130,0
DA:131,0
DA:135,0
DA:142,0
DA:143,0
DA:145,0
DA:146,0
DA:148,0
DA:149,0
DA:150,0
DA:151,0
DA:153,0
DA:154,0
DA:161,0
DA:162,0
DA:169,0
DA:170,0
DA:171,0
DA:174,0
DA:175,0
DA:176,0
DA:179,0
DA:183,0
DA:187,0
DA:194,0
DA:195,0
DA:197,0
DA:198,0
DA:199,0
DA:200,0
DA:202,0
DA:204,0
DA:223,0
DA:224,0
DA:227,0
DA:228,0
DA:232,0
DA:234,0
DA:254,0
DA:255,0
DA:256,0
DA:258,0
DA:260,0
DA:277,0
DA:279,0
DA:280,0
DA:283,0
DA:284,0
DA:286,0
DA:288,0
DA:297,0
DA:299,0
DA:301,0
DA:304,0
DA:317,0
DA:319,0
DA:320,0
DA:323,0
DA:324,0
DA:326,0
DA:334,0
DA:347,0
DA:349,0
DA:350,0
DA:353,0
DA:356,0
DA:357,0
DA:358,0
DA:360,0
DA:362,0
DA:363,0
DA:365,0
DA:373,0
DA:375,0
DA:380,0
DA:384,0
DA:385,0
DA:397,0
DA:401,0
DA:403,0
DA:410,0
DA:411,0
DA:418,0
DA:423,0
DA:435,0
DA:437,0
DA:438,0
DA:441,0
DA:442,0
DA:443,0
DA:446,0
DA:454,0
DA:463,0
LF:137
LH:0
BRDA:107,0,0,0
BRDA:107,0,1,0
BRDA:129,1,0,0
BRDA:129,1,1,0
BRDA:142,2,0,0
BRDA:142,2,1,0
BRDA:179,3,0,0
BRDA:179,3,1,0
BRDA:193,4,0,0
BRDA:279,5,0,0
BRDA:279,5,1,0
BRDA:286,6,0,0
BRDA:286,6,1,0
BRDA:319,7,0,0
BRDA:319,7,1,0
BRDA:319,8,0,0
BRDA:319,8,1,0
BRDA:330,9,0,0
BRDA:330,9,1,0
BRDA:349,10,0,0
BRDA:349,10,1,0
BRDA:349,11,0,0
BRDA:349,11,1,0
BRDA:349,11,2,0
BRDA:360,12,0,0
BRDA:360,12,1,0
BRDA:411,13,0,0
BRDA:411,13,1,0
BRDA:437,14,0,0
BRDA:437,14,1,0
BRDA:437,15,0,0
BRDA:437,15,1,0
BRF:32
BRH:0
end_of_record
TN:
SF:server\auth\middleware.ts
FN:26,(anonymous_0)
FN:102,(anonymous_1)
FN:134,(anonymous_2)
FN:167,(anonymous_3)
FN:193,recordRecentAuth
FN:213,clearRecentAuth
FN:223,(anonymous_6)
FNF:7
FNH:0
FNDA:0,(anonymous_0)
FNDA:0,(anonymous_1)
FNDA:0,(anonymous_2)
FNDA:0,(anonymous_3)
FNDA:0,recordRecentAuth
FNDA:0,clearRecentAuth
FNDA:0,(anonymous_6)
DA:8,0
DA:11,0
DA:26,0
DA:28,0
DA:30,0
DA:32,0
DA:34,0
DA:35,0
DA:37,0
DA:39,0
DA:40,0
DA:43,0
DA:45,0
DA:48,0
DA:49,0
DA:51,0
DA:57,0
DA:58,0
DA:59,0
DA:62,0
DA:64,0
DA:66,0
DA:67,0
DA:69,0
DA:71,0
DA:74,0
DA:76,0
DA:79,0
DA:80,0
DA:82,0
DA:83,0
DA:86,0
DA:87,0
DA:102,0
DA:103,0
DA:104,0
DA:105,0
DA:106,0
DA:107,0
DA:108,0
DA:109,0
DA:110,0
DA:111,0
DA:117,0
DA:120,0
DA:134,0
DA:135,0
DA:136,0
DA:139,0
DA:140,0
DA:146,0
DA:167,0
DA:168,0
DA:169,0
DA:172,0
DA:173,0
DA:174,0
DA:176,0
DA:177,0
DA:184,0
DA:194,0
DA:197,0
DA:198,0
DA:199,0
DA:200,0
DA:201,0
DA:214,0
DA:223,0
DA:224,0
DA:225,0
DA:228,0
DA:230,0
DA:231,0
DA:232,0
DA:233,0
DA:235,0
DA:236,0
DA:243,0
DA:248,0
DA:249,0
LF:80
LH:0
BRDA:34,0,0,0
BRDA:34,0,1,0
BRDA:39,1,0,0
BRDA:39,1,1,0
BRDA:43,2,0,0
BRDA:43,2,1,0
BRDA:58,3,0,0
BRDA:58,3,1,0
BRDA:58,4,0,0
BRDA:58,4,1,0
BRDA:69,5,0,0
BRDA:69,5,1,0
BRDA:74,6,0,0
BRDA:74,6,1,0
BRDA:105,7,0,0
BRDA:105,7,1,0
BRDA:105,8,0,0
BRDA:105,8,1,0
BRDA:110,9,0,0
BRDA:110,9,1,0
BRDA:110,10,0,0
BRDA:110,10,1,0
BRDA:135,11,0,0
BRDA:135,11,1,0
BRDA:139,12,0,0
BRDA:139,12,1,0
BRDA:168,13,0,0
BRDA:168,13,1,0
BRDA:176,14,0,0
BRDA:176,14,1,0
BRDA:176,15,0,0
BRDA:176,15,1,0
BRDA:197,16,0,0
BRDA:197,16,1,0
BRDA:200,17,0,0
BRDA:200,17,1,0
BRDA:224,18,0,0
BRDA:224,18,1,0
BRDA:231,19,0,0
BRDA:231,19,1,0
BRDA:231,20,0,0
BRDA:231,20,1,0
BRDA:235,21,0,0
BRDA:235,21,1,0
BRDA:235,22,0,0
BRDA:235,22,1,0
BRF:46
BRH:0
end_of_record
TN:
SF:server\auth\routes.ts
FN:21,setupAuthRoutes
FN:23,(anonymous_1)
FN:148,(anonymous_2)
FN:171,(anonymous_3)
FN:218,(anonymous_4)
FN:236,(anonymous_5)
FN:266,(anonymous_6)
FN:309,(anonymous_7)
FN:364,(anonymous_8)
FN:410,(anonymous_9)
FN:474,(anonymous_10)
FN:529,(anonymous_11)
FN:564,(anonymous_12)
FN:622,(anonymous_13)
FNF:14
FNH:0
FNDA:0,setupAuthRoutes
FNDA:0,(anonymous_1)
FNDA:0,(anonymous_2)
FNDA:0,(anonymous_3)
FNDA:0,(anonymous_4)
FNDA:0,(anonymous_5)
FNDA:0,(anonymous_6)
FNDA:0,(anonymous_7)
FNDA:0,(anonymous_8)
FNDA:0,(anonymous_9)
FNDA:0,(anonymous_10)
FNDA:0,(anonymous_11)
FNDA:0,(anonymous_12)
FNDA:0,(anonymous_13)
DA:23,0
DA:24,0
DA:25,0
DA:27,0
DA:28,0
DA:30,0
DA:31,0
DA:32,0
DA:35,0
DA:37,0
DA:41,0
DA:42,0
DA:44,0
DA:46,0
DA:47,0
DA:52,0
DA:54,0
DA:55,0
DA:58,0
DA:62,0
DA:63,0
DA:64,0
DA:65,0
DA:66,0
DA:67,0
DA:75,0
DA:76,0
DA:79,0
DA:81,0
DA:83,0
DA:90,0
DA:94,0
DA:97,0
DA:100,0
DA:101,0
DA:105,0
DA:114,0
DA:122,0
DA:136,0
DA:137,0
DA:138,0
DA:141,0
DA:142,0
DA:143,0
DA:148,0
DA:149,0
DA:150,0
DA:151,0
DA:163,0
DA:164,0
DA:171,0
DA:172,0
DA:173,0
DA:174,0
DA:176,0
DA:178,0
DA:179,0
DA:181,0
DA:182,0
DA:183,0
DA:184,0
DA:185,0
DA:189,0
DA:192,0
DA:199,0
DA:204,0
DA:205,0
DA:218,0
DA:219,0
DA:220,0
DA:221,0
DA:223,0
DA:228,0
DA:229,0
DA:236,0
DA:237,0
DA:238,0
DA:241,0
DA:242,0
DA:243,0
DA:249,0
DA:251,0
DA:258,0
DA:259,0
DA:266,0
DA:267,0
DA:268,0
DA:270,0
DA:271,0
DA:272,0
DA:274,0
DA:275,0
DA:281,0
DA:289,0
DA:290,0
DA:295,0
DA:301,0
DA:302,0
DA:309,0
DA:310,0
DA:311,0
DA:313,0
DA:314,0
DA:315,0
DA:317,0
DA:318,0
DA:326,0
DA:327,0
DA:335,0
DA:344,0
DA:345,0
DA:350,0
DA:356,0
DA:357,0
DA:364,0
DA:365,0
DA:366,0
DA:368,0
DA:369,0
DA:370,0
DA:373,0
DA:374,0
DA:380,0
DA:388,0
DA:389,0
DA:395,0
DA:397,0
DA:402,0
DA:403,0
DA:410,0
DA:411,0
DA:412,0
DA:414,0
DA:415,0
DA:416,0
DA:419,0
DA:420,0
DA:426,0
DA:434,0
DA:435,0
DA:441,0
DA:448,0
DA:449,0
DA:455,0
DA:461,0
DA:462,0
DA:474,0
DA:475,0
DA:476,0
DA:477,0
DA:479,0
DA:480,0
DA:481,0
DA:484,0
DA:485,0
DA:492,0
DA:493,0
DA:499,0
DA:506,0
DA:507,0
DA:514,0
DA:516,0
DA:521,0
DA:522,0
DA:529,0
DA:530,0
DA:532,0
DA:533,0
DA:535,0
DA:536,0
DA:540,0
DA:543,0
DA:551,0
DA:556,0
DA:557,0
DA:564,0
DA:565,0
DA:567,0
DA:568,0
DA:570,0
DA:571,0
DA:574,0
DA:575,0
DA:582,0
DA:583,0
DA:589,0
DA:591,0
DA:593,0
DA:600,0
DA:601,0
DA:603,0
DA:608,0
DA:609,0
DA:622,0
DA:623,0
DA:624,0
DA:626,0
DA:627,0
DA:628,0
DA:631,0
DA:633,0
DA:635,0
DA:636,0
DA:643,0
DA:651,0
DA:652,0
DA:660,0
DA:662,0
DA:664,0
DA:665,0
DA:666,0
DA:669,0
DA:670,0
DA:672,0
DA:673,0
DA:679,0
DA:684,0
DA:686,0
DA:688,0
DA:689,0
DA:691,0
DA:692,0
DA:699,0
DA:707,0
DA:709,0
DA:718,0
DA:724,0
DA:725,0
LF:228
LH:0
BRDA:25,0,0,0
BRDA:25,0,1,0
BRDA:28,1,0,0
BRDA:28,1,1,0
BRDA:30,2,0,0
BRDA:30,2,1,0
BRDA:41,3,0,0
BRDA:41,3,1,0
BRDA:41,3,2,0
BRDA:44,4,0,0
BRDA:44,4,1,0
BRDA:44,5,0,0
BRDA:44,5,1,0
BRDA:48,6,0,0
BRDA:48,6,1,0
BRDA:49,7,0,0
BRDA:49,7,1,0
BRDA:50,8,0,0
BRDA:50,8,1,0
BRDA:52,9,0,0
BRDA:52,9,1,0
BRDA:52,10,0,0
BRDA:52,10,1,0
BRDA:62,11,0,0
BRDA:62,11,1,0
BRDA:63,12,0,0
BRDA:63,12,1,0
BRDA:65,13,0,0
BRDA:65,13,1,0
BRDA:65,14,0,0
BRDA:65,14,1,0
BRDA:81,15,0,0
BRDA:81,15,1,0
BRDA:84,16,0,0
BRDA:84,16,1,0
BRDA:86,17,0,0
BRDA:86,17,1,0
BRDA:86,17,2,0
BRDA:87,18,0,0
BRDA:87,18,1,0
BRDA:87,18,2,0
BRDA:100,19,0,0
BRDA:100,19,1,0
BRDA:127,20,0,0
BRDA:127,20,1,0
BRDA:173,21,0,0
BRDA:173,21,1,0
BRDA:181,22,0,0
BRDA:181,22,1,0
BRDA:183,23,0,0
BRDA:183,23,1,0
BRDA:183,24,0,0
BRDA:183,24,1,0
BRDA:242,25,0,0
BRDA:242,25,1,0
BRDA:268,26,0,0
BRDA:268,26,1,0
BRDA:274,27,0,0
BRDA:274,27,1,0
BRDA:274,28,0,0
BRDA:274,28,1,0
BRDA:274,28,2,0
BRDA:289,29,0,0
BRDA:289,29,1,0
BRDA:311,30,0,0
BRDA:311,30,1,0
BRDA:317,31,0,0
BRDA:317,31,1,0
BRDA:317,32,0,0
BRDA:317,32,1,0
BRDA:326,33,0,0
BRDA:326,33,1,0
BRDA:344,34,0,0
BRDA:344,34,1,0
BRDA:366,35,0,0
BRDA:366,35,1,0
BRDA:373,36,0,0
BRDA:373,36,1,0
BRDA:373,37,0,0
BRDA:373,37,1,0
BRDA:388,38,0,0
BRDA:388,38,1,0
BRDA:412,39,0,0
BRDA:412,39,1,0
BRDA:419,40,0,0
BRDA:419,40,1,0
BRDA:419,41,0,0
BRDA:419,41,1,0
BRDA:434,42,0,0
BRDA:434,42,1,0
BRDA:448,43,0,0
BRDA:448,43,1,0
BRDA:476,44,0,0
BRDA:476,44,1,0
BRDA:484,45,0,0
BRDA:484,45,1,0
BRDA:484,46,0,0
BRDA:484,46,1,0
BRDA:484,46,2,0
BRDA:492,47,0,0
BRDA:492,47,1,0
BRDA:501,48,0,0
BRDA:501,48,1,0
BRDA:506,49,0,0
BRDA:506,49,1,0
BRDA:535,50,0,0
BRDA:535,50,1,0
BRDA:535,51,0,0
BRDA:535,51,1,0
BRDA:570,52,0,0
BRDA:570,52,1,0
BRDA:570,53,0,0
BRDA:570,53,1,0
BRDA:574,54,0,0
BRDA:574,54,1,0
BRDA:574,55,0,0
BRDA:574,55,1,0
BRDA:574,55,2,0
BRDA:582,56,0,0
BRDA:582,56,1,0
BRDA:591,57,0,0
BRDA:591,57,1,0
BRDA:624,58,0,0
BRDA:624,58,1,0
BRDA:633,59,0,0
BRDA:633,59,1,0
BRDA:635,60,0,0
BRDA:635,60,1,0
BRDA:635,61,0,0
BRDA:635,61,1,0
BRDA:651,62,0,0
BRDA:651,62,1,0
BRDA:662,63,0,0
BRDA:662,63,1,0
BRDA:662,64,0,0
BRDA:662,64,1,0
BRDA:669,65,0,0
BRDA:669,65,1,0
BRDA:672,66,0,0
BRDA:672,66,1,0
BRDA:684,67,0,0
BRDA:684,67,1,0
BRDA:688,68,0,0
BRDA:688,68,1,0
BRDA:688,69,0,0
BRDA:688,69,1,0
BRDA:691,70,0,0
BRDA:691,70,1,0
BRF:148
BRH:0
end_of_record
TN:
SF:server\auth\service.ts
FN:31,(anonymous_0)
FN:41,(anonymous_1)
FN:50,(anonymous_2)
FN:67,(anonymous_3)
FN:80,(anonymous_4)
FN:94,(anonymous_5)
FN:130,(anonymous_6)
FN:144,(anonymous_7)
FN:158,(anonymous_8)
FN:172,(anonymous_9)
FN:205,(anonymous_10)
FN:225,(anonymous_11)
FN:246,(anonymous_12)
FN:273,(anonymous_13)
FN:284,(anonymous_14)
FN:298,(anonymous_15)
FN:313,(anonymous_16)
FN:339,(anonymous_17)
FN:381,(anonymous_18)
FN:439,(anonymous_19)
FNF:20
FNH:0
FNDA:0,(anonymous_0)
FNDA:0,(anonymous_1)
FNDA:0,(anonymous_2)
FNDA:0,(anonymous_3)
FNDA:0,(anonymous_4)
FNDA:0,(anonymous_5)
FNDA:0,(anonymous_6)
FNDA:0,(anonymous_7)
FNDA:0,(anonymous_8)
FNDA:0,(anonymous_9)
FNDA:0,(anonymous_10)
FNDA:0,(anonymous_11)
FNDA:0,(anonymous_12)
FNDA:0,(anonymous_13)
FNDA:0,(anonymous_14)
FNDA:0,(anonymous_15)
FNDA:0,(anonymous_16)
FNDA:0,(anonymous_17)
FNDA:0,(anonymous_18)
FNDA:0,(anonymous_19)
DA:16,0
DA:17,0
DA:18,0
DA:19,0
DA:32,0
DA:42,0
DA:51,0
DA:68,0
DA:69,0
DA:70,0
DA:72,0
DA:81,0
DA:101,0
DA:104,0
DA:105,0
DA:107,0
DA:122,0
DA:131,0
DA:136,0
DA:145,0
DA:150,0
DA:159,0
DA:164,0
DA:173,0
DA:183,0
DA:186,0
DA:197,0
DA:206,0
DA:217,0
DA:226,0
DA:227,0
DA:229,0
DA:238,0
DA:248,0
DA:249,0
DA:252,0
DA:262,0
DA:265,0
DA:274,0
DA:285,0
DA:290,0
DA:299,0
DA:314,0
DA:315,0
DA:317,0
DA:318,0
DA:320,0
DA:329,0
DA:340,0
DA:350,0
DA:352,0
DA:354,0
DA:367,0
DA:369,0
DA:387,0
DA:389,0
DA:390,0
DA:394,0
DA:395,0
DA:396,0
DA:397,0
DA:401,0
DA:403,0
DA:412,0
DA:414,0
DA:417,0
DA:419,0
DA:425,0
DA:426,0
DA:440,0
DA:449,0
LF:71
LH:0
BRDA:101,0,0,0
BRDA:101,0,1,0
BRDA:114,1,0,0
BRDA:114,1,1,0
BRDA:136,2,0,0
BRDA:136,2,1,0
BRDA:150,3,0,0
BRDA:150,3,1,0
BRDA:164,4,0,0
BRDA:164,4,1,0
BRDA:183,5,0,0
BRDA:183,5,1,0
BRDA:249,6,0,0
BRDA:249,6,1,0
BRDA:262,7,0,0
BRDA:262,7,1,0
BRDA:315,8,0,0
BRDA:315,8,1,0
BRDA:315,9,0,0
BRDA:315,9,1,0
BRDA:350,10,0,0
BRDA:350,10,1,0
BRDA:389,11,0,0
BRDA:389,11,1,0
BRDA:394,12,0,0
BRDA:394,12,1,0
BRDA:396,13,0,0
BRDA:396,13,1,0
BRDA:412,14,0,0
BRDA:412,14,1,0
BRDA:449,15,0,0
BRDA:449,15,1,0
BRF:32
BRH:0
end_of_record
TN:
SF:server\config\env.ts
FN:12,(anonymous_0)
FN:36,(anonymous_1)
FN:49,(anonymous_2)
FN:71,validateEnv
FN:76,(anonymous_4)
FNF:5
FNH:0
FNDA:0,(anonymous_0)
FNDA:0,(anonymous_1)
FNDA:0,(anonymous_2)
FNDA:0,validateEnv
FNDA:0,(anonymous_4)
DA:3,0
DA:13,0
DA:14,0
DA:15,0
DA:17,0
DA:20,0
DA:37,0
DA:39,0
DA:40,0
DA:43,0
DA:44,0
DA:46,0
DA:50,0
DA:51,0
DA:72,0
DA:73,0
DA:75,0
DA:76,0
DA:77,0
DA:79,0
DA:83,0
LF:21
LH:0
BRDA:13,0,0,0
BRDA:13,0,1,0
BRDA:14,1,0,0
BRDA:14,1,1,0
BRDA:20,2,0,0
BRDA:20,2,1,0
BRDA:39,3,0,0
BRDA:39,3,1,0
BRDA:39,4,0,0
BRDA:39,4,1,0
BRDA:39,4,2,0
BRDA:40,5,0,0
BRDA:40,5,1,0
BRDA:43,6,0,0
BRDA:43,6,1,0
BRDA:50,7,0,0
BRDA:50,7,1,0
BRDA:50,8,0,0
BRDA:50,8,1,0
BRDA:75,9,0,0
BRDA:75,9,1,0
BRF:21
BRH:0
end_of_record
TN:
SF:server\middleware\csrf.ts
FN:8,(anonymous_0)
FN:24,ensureCsrfToken
FN:43,requireCsrfToken
FNF:3
FNH:0
FNDA:0,(anonymous_0)
FNDA:0,ensureCsrfToken
FNDA:0,requireCsrfToken
DA:4,0
DA:6,0
DA:8,0
DA:25,0
DA:26,0
DA:27,0
DA:33,0
DA:36,0
DA:45,0
DA:46,0
DA:49,0
DA:50,0
DA:53,0
DA:54,0
DA:57,0
LF:15
LH:0
BRDA:25,0,0,0
BRDA:25,0,1,0
BRDA:45,1,0,0
BRDA:45,1,1,0
BRDA:53,2,0,0
BRDA:53,2,1,0
BRDA:53,3,0,0
BRDA:53,3,1,0
BRDA:53,3,2,0
BRF:9
BRH:0
end_of_record
TN:
SF:server\middleware\firebaseUid.ts
FN:39,requireFirebaseUid
FN:79,optionalFirebaseUid
FNF:2
FNH:0
FNDA:0,requireFirebaseUid
FNDA:0,optionalFirebaseUid
DA:44,0
DA:45,0
DA:46,0
DA:48,0
DA:49,0
DA:50,0
DA:53,0
DA:57,0
DA:60,0
DA:62,0
DA:65,0
DA:66,0
DA:84,0
DA:85,0
DA:86,0
DA:88,0
DA:89,0
DA:90,0
DA:91,0
DA:97,0
LF:20
LH:0
BRDA:45,0,0,0
BRDA:45,0,1,0
BRDA:48,1,0,0
BRDA:48,1,1,0
BRDA:85,2,0,0
BRDA:85,2,1,0
BRDA:88,3,0,0
BRDA:88,3,1,0
BRF:8
BRH:0
end_of_record
TN:
SF:server\middleware\index.ts
FNF:0
FNH:0
LF:0
LH:0
BRF:0
BRH:0
end_of_record
TN:
SF:server\middleware\rateLimit.ts
FNF:0
FNH:0
DA:5,0
DA:18,0
LF:2
LH:0
BRF:0
BRH:0
end_of_record
TN:
SF:server\middleware\security.ts
FN:122,(anonymous_0)
FN:140,(anonymous_1)
FN:158,(anonymous_2)
FN:186,(anonymous_3)
FN:197,(anonymous_4)
FN:212,(anonymous_5)
FNF:6
FNH:0
FNDA:0,(anonymous_0)
FNDA:0,(anonymous_1)
FNDA:0,(anonymous_2)
FNDA:0,(anonymous_3)
FNDA:0,(anonymous_4)
FNDA:0,(anonymous_5)
DA:4,0
DA:36,0
DA:52,0
DA:68,0
DA:83,0
DA:98,0
DA:114,0
DA:124,0
DA:125,0
DA:140,0
DA:141,0
DA:144,0
DA:145,0
DA:148,0
DA:158,0
DA:159,0
DA:161,0
DA:162,0
DA:165,0
DA:166,0
DA:168,0
DA:169,0
DA:173,0
DA:174,0
DA:186,0
DA:187,0
DA:190,0
DA:191,0
DA:195,0
DA:197,0
DA:198,0
DA:201,0
DA:212,0
DA:215,0
DA:220,0
DA:221,0
LF:36
LH:0
BRDA:144,0,0,0
BRDA:144,0,1,0
BRDA:144,1,0,0
BRDA:144,1,1,0
BRDA:161,2,0,0
BRDA:161,2,1,0
BRDA:161,3,0,0
BRDA:161,3,1,0
BRDA:168,4,0,0
BRDA:168,4,1,0
BRDA:168,5,0,0
BRDA:168,5,1,0
BRDA:168,5,2,0
BRDA:190,6,0,0
BRDA:190,6,1,0
BRDA:197,7,0,0
BRDA:197,7,1,0
BRDA:215,8,0,0
BRDA:215,8,1,0
BRDA:215,8,2,0
BRDA:215,8,3,0
BRDA:220,9,0,0
BRDA:220,9,1,0
BRF:23
BRH:0
end_of_record
TN:
SF:server\services\spotService.ts
FN:12,(anonymous_0)
FN:33,(anonymous_1)
FN:37,(anonymous_2)
FN:39,(anonymous_3)
FN:53,getNearbySpots
FN:80,verifyAndCheckIn
FN:108,(anonymous_6)
FNF:7
FNH:0
FNDA:0,(anonymous_0)
FNDA:0,(anonymous_1)
FNDA:0,(anonymous_2)
FNDA:0,(anonymous_3)
FNDA:0,getNearbySpots
FNDA:0,verifyAndCheckIn
FNDA:0,(anonymous_6)
DA:5,0
DA:8,0
DA:12,0
DA:13,0
DA:14,0
DA:15,0
DA:16,0
DA:33,0
DA:34,0
DA:37,0
DA:39,0
DA:40,0
DA:41,0
DA:42,0
DA:43,0
DA:46,0
DA:48,0
DA:50,0
DA:54,0
DA:55,0
DA:58,0
DA:68,0
DA:77,0
DA:86,0
DA:87,0
DA:90,0
DA:98,0
DA:99,0
DA:102,0
DA:103,0
DA:104,0
DA:107,0
DA:108,0
DA:109,0
DA:118,0
DA:126,0
DA:128,0
DA:130,0
DA:131,0
DA:134,0
LF:40
LH:0
BRDA:14,0,0,0
BRDA:14,0,1,0
BRDA:16,1,0,0
BRDA:16,1,1,0
BRDA:16,2,0,0
BRDA:16,2,1,0
BRDA:34,3,0,0
BRDA:34,3,1,0
BRDA:34,3,2,0
BRDA:54,4,0,0
BRDA:54,4,1,0
BRDA:86,5,0,0
BRDA:86,5,1,0
BRDA:98,6,0,0
BRDA:98,6,1,0
BRDA:103,7,0,0
BRDA:103,7,1,0
BRDA:130,8,0,0
BRDA:130,8,1,0
BRDA:130,9,0,0
BRDA:130,9,1,0
BRF:21
BRH:0
end_of_record
TN:
SF:server\socket\auth.ts
FN:25,cleanupRateLimits
FN:40,checkRateLimit
FN:71,socketAuthMiddleware
FN:165,requireSocketAdmin
FNF:4
FNH:0
FNDA:0,cleanupRateLimits
FNDA:0,checkRateLimit
FNDA:0,socketAuthMiddleware
FNDA:0,requireSocketAdmin
DA:18,0
DA:19,0
DA:20,0
DA:26,0
DA:27,0
DA:28,0
DA:29,0
DA:35,0
DA:41,0
DA:42,0
DA:44,0
DA:45,0
DA:46,0
DA:49,0
DA:50,0
DA:53,0
DA:54,0
DA:75,0
DA:76,0
DA:78,0
DA:80,0
DA:81,0
DA:82,0
DA:86,0
DA:88,0
DA:89,0
DA:93,0
DA:98,0
DA:99,0
DA:101,0
DA:105,0
DA:109,0
DA:111,0
DA:112,0
DA:116,0
DA:119,0
DA:120,0
DA:124,0
DA:128,0
DA:129,0
DA:132,0
DA:142,0
DA:145,0
DA:151,0
DA:153,0
DA:157,0
DA:166,0
DA:167,0
LF:48
LH:0
BRDA:28,0,0,0
BRDA:28,0,1,0
BRDA:44,1,0,0
BRDA:44,1,1,0
BRDA:44,2,0,0
BRDA:44,2,1,0
BRDA:49,3,0,0
BRDA:49,3,1,0
BRDA:80,4,0,0
BRDA:80,4,1,0
BRDA:88,5,0,0
BRDA:88,5,1,0
BRDA:88,6,0,0
BRDA:88,6,1,0
BRDA:103,7,0,0
BRDA:103,7,1,0
BRDA:111,8,0,0
BRDA:111,8,1,0
BRDA:119,9,0,0
BRDA:119,9,1,0
BRDA:129,10,0,0
BRDA:129,10,1,0
BRDA:155,11,0,0
BRDA:155,11,1,0
BRDA:167,12,0,0
BRDA:167,12,1,0
BRF:26
BRH:0
end_of_record
TN:
SF:server\socket\health.ts
FN:33,initSocketHealth
FN:45,recordMessage
FN:57,updateLatency
FN:73,cleanupSocketHealth
FN:80,getHealthStats
FN:109,startHealthMonitor
FN:110,(anonymous_6)
FN:146,stopHealthMonitor
FNF:8
FNH:0
FNDA:0,initSocketHealth
FNDA:0,recordMessage
FNDA:0,updateLatency
FNDA:0,cleanupSocketHealth
FNDA:0,getHealthStats
FNDA:0,startHealthMonitor
FNDA:0,(anonymous_6)
FNDA:0,stopHealthMonitor
DA:23,0
DA:26,0
DA:27,0
DA:28,0
DA:34,0
DA:46,0
DA:47,0
DA:48,0
DA:49,0
DA:50,0
DA:58,0
DA:59,0
DA:60,0
DA:61,0
DA:62,0
DA:64,0
DA:65,0
DA:74,0
DA:86,0
DA:87,0
DA:88,0
DA:89,0
DA:91,0
DA:92,0
DA:93,0
DA:94,0
DA:97,0
DA:110,0
DA:111,0
DA:112,0
DA:114,0
DA:115,0
DA:116,0
DA:119,0
DA:120,0
DA:122,0
DA:123,0
DA:124,0
DA:130,0
DA:136,0
DA:137,0
DA:138,0
DA:147,0
LF:43
LH:0
BRDA:47,0,0,0
BRDA:47,0,1,0
BRDA:59,1,0,0
BRDA:59,1,1,0
BRDA:64,2,0,0
BRDA:64,2,1,0
BRDA:93,3,0,0
BRDA:93,3,1,0
BRDA:94,4,0,0
BRDA:94,4,1,0
BRDA:99,5,0,0
BRDA:99,5,1,0
BRDA:116,6,0,0
BRDA:116,6,1,0
BRDA:119,7,0,0
BRDA:119,7,1,0
BRDA:122,8,0,0
BRDA:122,8,1,0
BRDA:137,9,0,0
BRDA:137,9,1,0
BRF:20
BRH:0
end_of_record
TN:
SF:server\socket\index.ts
FN:51,initializeSocketServer
FN:85,(anonymous_1)
FN:113,(anonymous_2)
FN:120,(anonymous_3)
FN:126,(anonymous_4)
FN:135,(anonymous_5)
FN:154,(anonymous_6)
FN:164,(anonymous_7)
FN:182,getSocketStats
FN:199,broadcastSystemNotification
FN:216,shutdownSocketServer
FN:235,(anonymous_11)
FN:244,(anonymous_12)
FN:245,(anonymous_13)
FNF:14
FNH:0
FNDA:0,initializeSocketServer
FNDA:0,(anonymous_1)
FNDA:0,(anonymous_2)
FNDA:0,(anonymous_3)
FNDA:0,(anonymous_4)
FNDA:0,(anonymous_5)
FNDA:0,(anonymous_6)
FNDA:0,(anonymous_7)
FNDA:0,getSocketStats
FNDA:0,broadcastSystemNotification
FNDA:0,shutdownSocketServer
FNDA:0,(anonymous_11)
FNDA:0,(anonymous_12)
FNDA:0,(anonymous_13)
DA:45,0
DA:46,0
DA:54,0
DA:79,0
DA:82,0
DA:85,0
DA:86,0
DA:87,0
DA:90,0
DA:92,0
DA:100,0
DA:106,0
DA:107,0
DA:108,0
DA:111,0
DA:114,0
DA:118,0
DA:121,0
DA:126,0
DA:127,0
DA:135,0
DA:136,0
DA:138,0
DA:146,0
DA:147,0
DA:148,0
DA:149,0
DA:150,0
DA:154,0
DA:155,0
DA:164,0
DA:165,0
DA:172,0
DA:176,0
DA:188,0
DA:204,0
DA:219,0
DA:222,0
DA:223,0
DA:224,0
DA:228,0
DA:235,0
DA:238,0
DA:239,0
DA:240,0
DA:244,0
DA:245,0
DA:246,0
DA:247,0
LF:49
LH:0
BRDA:58,0,0,0
BRDA:58,0,1,0
BRDA:158,1,0,0
BRDA:158,1,1,0
BRDA:222,2,0,0
BRDA:222,2,1,0
BRF:6
BRH:0
end_of_record
TN:
SF:server\socket\rooms.ts
FN:32,getRoomId
FN:39,parseRoomId
FN:49,getOrCreateRoom
FN:69,cleanupEmptyRooms
FN:84,joinRoom
FN:119,leaveRoom
FN:147,leaveAllRooms
FN:163,broadcastToRoom
FN:183,sendToUser
FN:197,getRoomInfo
FN:204,getRoomsByType
FN:205,(anonymous_11)
FN:211,getRoomStats
FNF:13
FNH:0
FNDA:0,getRoomId
FNDA:0,parseRoomId
FNDA:0,getOrCreateRoom
FNDA:0,cleanupEmptyRooms
FNDA:0,joinRoom
FNDA:0,leaveRoom
FNDA:0,leaveAllRooms
FNDA:0,broadcastToRoom
FNDA:0,sendToUser
FNDA:0,getRoomInfo
FNDA:0,getRoomsByType
FNDA:0,(anonymous_11)
FNDA:0,getRoomStats
DA:19,0
DA:22,0
DA:33,0
DA:40,0
DA:41,0
DA:42,0
DA:43,0
DA:50,0
DA:51,0
DA:53,0
DA:54,0
DA:60,0
DA:63,0
DA:70,0
DA:71,0
DA:72,0
DA:73,0
DA:79,0
DA:89,0
DA:90,0
DA:91,0
DA:94,0
DA:95,0
DA:96,0
DA:97,0
DA:101,0
DA:104,0
DA:105,0
DA:107,0
DA:113,0
DA:124,0
DA:125,0
DA:126,0
DA:129,0
DA:132,0
DA:133,0
DA:135,0
DA:137,0
DA:150,0
DA:152,0
DA:153,0
DA:154,0
DA:155,0
DA:171,0
DA:173,0
DA:174,0
DA:176,0
DA:191,0
DA:198,0
DA:205,0
DA:216,0
DA:223,0
DA:225,0
DA:226,0
DA:227,0
DA:230,0
LF:56
LH:0
BRDA:42,0,0,0
BRDA:42,0,1,0
BRDA:42,1,0,0
BRDA:42,1,1,0
BRDA:53,2,0,0
BRDA:53,2,1,0
BRDA:71,3,0,0
BRDA:71,3,1,0
BRDA:94,4,0,0
BRDA:94,4,1,0
BRDA:132,5,0,0
BRDA:132,5,1,0
BRDA:140,6,0,0
BRDA:140,6,1,0
BRDA:154,7,0,0
BRDA:154,7,1,0
BRDA:173,8,0,0
BRDA:173,8,1,0
BRF:18
BRH:0
end_of_record
TN:
SF:server\socket\types.ts
FNF:0
FNH:0
LF:0
LH:0
BRF:0
BRH:0
end_of_record
TN:
SF:server\socket\validation.ts
FN:66,validateEvent
FN:76,(anonymous_1)
FN:83,sanitizeString
FNF:3
FNH:0
FNDA:0,validateEvent
FNDA:0,(anonymous_1)
FNDA:0,sanitizeString
DA:14,0
DA:20,0
DA:30,0
DA:35,0
DA:46,0
DA:55,0
DA:70,0
DA:71,0
DA:72,0
DA:74,0
DA:76,0
DA:84,0
LF:12
LH:0
BRDA:71,0,0,0
BRDA:71,0,1,0
BRF:2
BRH:0
end_of_record
TN:
SF:server\socket\handlers\battle.ts
FN:37,generateBattleId
FN:42,createBattleInMemory
FN:60,joinBattleInMemory
FN:72,voteBattleInMemory
FN:87,registerBattleHandlers
FN:95,(anonymous_5)
FN:146,(anonymous_6)
FN:195,(anonymous_7)
FN:227,(anonymous_8)
FN:263,(anonymous_9)
FN:291,cleanupBattleSubscriptions
FNF:11
FNH:0
FNDA:0,generateBattleId
FNDA:0,createBattleInMemory
FNDA:0,joinBattleInMemory
FNDA:0,voteBattleInMemory
FNDA:0,registerBattleHandlers
FNDA:0,(anonymous_5)
FNDA:0,(anonymous_6)
FNDA:0,(anonymous_7)
FNDA:0,(anonymous_8)
FNDA:0,(anonymous_9)
FNDA:0,cleanupBattleSubscriptions
DA:35,0
DA:38,0
DA:47,0
DA:48,0
DA:57,0
DA:61,0
DA:62,0
DA:63,0
DA:65,0
DA:66,0
DA:68,0
DA:69,0
DA:77,0
DA:78,0
DA:79,0
DA:81,0
DA:88,0
DA:93,0
DA:96,0
DA:97,0
DA:104,0
DA:106,0
DA:115,0
DA:118,0
DA:119,0
DA:129,0
DA:134,0
DA:135,0
DA:146,0
DA:147,0
DA:149,0
DA:150,0
DA:151,0
DA:155,0
DA:158,0
DA:159,0
DA:161,0
DA:168,0
DA:171,0
DA:177,0
DA:182,0
DA:183,0
DA:193,0
DA:196,0
DA:197,0
DA:203,0
DA:211,0
DA:214,0
DA:215,0
DA:216,0
DA:219,0
DA:220,0
DA:221,0
DA:223,0
DA:224,0
DA:227,0
DA:229,0
DA:236,0
DA:238,0
DA:245,0
DA:251,0
DA:252,0
DA:263,0
DA:264,0
DA:266,0
DA:269,0
DA:281,0
DA:283,0
DA:292,0
DA:294,0
DA:295,0
DA:296,0
DA:297,0
LF:73
LH:0
BRDA:62,0,0,0
BRDA:62,0,1,0
BRDA:65,1,0,0
BRDA:65,1,1,0
BRDA:65,2,0,0
BRDA:65,2,1,0
BRDA:78,3,0,0
BRDA:78,3,1,0
BRDA:118,4,0,0
BRDA:118,4,1,0
BRDA:150,5,0,0
BRDA:150,5,1,0
BRDA:150,6,0,0
BRDA:150,6,1,0
BRDA:215,7,0,0
BRDA:215,7,1,0
BRDA:215,8,0,0
BRDA:215,8,1,0
BRDA:221,9,0,0
BRDA:221,9,1,0
BRDA:224,10,0,0
BRDA:224,10,1,0
BRDA:224,11,0,0
BRDA:224,11,1,0
BRDA:295,12,0,0
BRDA:295,12,1,0
BRF:26
BRH:0
end_of_record
TN:
SF:server\socket\handlers\game.ts
FN:42,generateGameId
FN:49,getNextLetter
FN:58,isEliminated
FN:65,registerGameHandlers
FN:71,(anonymous_4)
FN:116,(anonymous_5)
FN:200,(anonymous_6)
FN:256,(anonymous_7)
FN:265,(anonymous_8)
FN:299,(anonymous_9)
FN:345,(anonymous_10)
FN:353,(anonymous_11)
FN:389,cleanupGameSubscriptions
FNF:13
FNH:0
FNDA:0,generateGameId
FNDA:0,getNextLetter
FNDA:0,isEliminated
FNDA:0,registerGameHandlers
FNDA:0,(anonymous_4)
FNDA:0,(anonymous_5)
FNDA:0,(anonymous_6)
FNDA:0,(anonymous_7)
FNDA:0,(anonymous_8)
FNDA:0,(anonymous_9)
FNDA:0,(anonymous_10)
FNDA:0,(anonymous_11)
FNDA:0,cleanupGameSubscriptions
DA:37,0
DA:43,0
DA:50,0
DA:51,0
DA:52,0
DA:59,0
DA:66,0
DA:71,0
DA:72,0
DA:73,0
DA:75,0
DA:88,0
DA:91,0
DA:93,0
DA:101,0
DA:103,0
DA:105,0
DA:106,0
DA:116,0
DA:117,0
DA:118,0
DA:120,0
DA:121,0
DA:125,0
DA:128,0
DA:129,0
DA:133,0
DA:136,0
DA:137,0
DA:141,0
DA:144,0
DA:145,0
DA:149,0
DA:153,0
DA:154,0
DA:157,0
DA:159,0
DA:166,0
DA:169,0
DA:170,0
DA:172,0
DA:178,0
DA:181,0
DA:187,0
DA:188,0
DA:198,0
DA:201,0
DA:202,0
DA:204,0
DA:205,0
DA:209,0
DA:212,0
DA:214,0
DA:215,0
DA:219,0
DA:222,0
DA:231,0
DA:234,0
DA:235,0
DA:237,0
DA:238,0
DA:241,0
DA:242,0
DA:246,0
DA:249,0
DA:251,0
DA:256,0
DA:258,0
DA:260,0
DA:262,0
DA:265,0
DA:272,0
DA:278,0
DA:281,0
DA:287,0
DA:288,0
DA:299,0
DA:300,0
DA:301,0
DA:303,0
DA:304,0
DA:308,0
DA:311,0
DA:312,0
DA:316,0
DA:319,0
DA:321,0
DA:322,0
DA:326,0
DA:330,0
DA:331,0
DA:332,0
DA:335,0
DA:342,0
DA:345,0
DA:347,0
DA:348,0
DA:350,0
DA:353,0
DA:360,0
DA:361,0
DA:364,0
DA:371,0
DA:377,0
DA:378,0
DA:390,0
DA:392,0
DA:393,0
DA:394,0
DA:395,0
LF:110
LH:0
BRDA:52,0,0,0
BRDA:52,0,1,0
BRDA:71,1,0,0
BRDA:120,2,0,0
BRDA:120,2,1,0
BRDA:128,3,0,0
BRDA:128,3,1,0
BRDA:136,4,0,0
BRDA:136,4,1,0
BRDA:144,5,0,0
BRDA:144,5,1,0
BRDA:169,6,0,0
BRDA:169,6,1,0
BRDA:204,7,0,0
BRDA:204,7,1,0
BRDA:204,8,0,0
BRDA:204,8,1,0
BRDA:214,9,0,0
BRDA:214,9,1,0
BRDA:235,10,0,0
BRDA:235,10,1,0
BRDA:241,11,0,0
BRDA:241,11,1,0
BRDA:249,12,0,0
BRDA:249,12,1,0
BRDA:256,13,0,0
BRDA:256,13,1,0
BRDA:258,14,0,0
BRDA:258,14,1,0
BRDA:267,15,0,0
BRDA:267,15,1,0
BRDA:303,16,0,0
BRDA:303,16,1,0
BRDA:303,17,0,0
BRDA:303,17,1,0
BRDA:311,18,0,0
BRDA:311,18,1,0
BRDA:321,19,0,0
BRDA:321,19,1,0
BRDA:330,20,0,0
BRDA:330,20,1,0
BRDA:345,21,0,0
BRDA:345,21,1,0
BRDA:347,22,0,0
BRDA:347,22,1,0
BRDA:355,23,0,0
BRDA:355,23,1,0
BRDA:360,24,0,0
BRDA:360,24,1,0
BRDA:393,25,0,0
BRDA:393,25,1,0
BRF:51
BRH:0
end_of_record
TN:
SF:server\socket\handlers\presence.ts
FN:25,getOnlineUsers
FN:32,isUserOnline
FN:39,getUserPresence
FN:53,registerPresenceHandlers
FN:72,(anonymous_4)
FN:91,handlePresenceDisconnect
FN:110,getPresenceStats
FNF:7
FNH:0
FNDA:0,getOnlineUsers
FNDA:0,isUserOnline
FNDA:0,getUserPresence
FNDA:0,registerPresenceHandlers
FNDA:0,(anonymous_4)
FNDA:0,handlePresenceDisconnect
FNDA:0,getPresenceStats
DA:20,0
DA:26,0
DA:33,0
DA:40,0
DA:41,0
DA:43,0
DA:54,0
DA:57,0
DA:60,0
DA:63,0
DA:69,0
DA:72,0
DA:73,0
DA:74,0
DA:75,0
DA:76,0
DA:79,0
DA:84,0
DA:92,0
DA:95,0
DA:98,0
DA:104,0
DA:114,0
DA:115,0
DA:117,0
DA:118,0
DA:119,0
DA:122,0
LF:28
LH:0
BRDA:41,0,0,0
BRDA:41,0,1,0
BRDA:74,1,0,0
BRDA:74,1,1,0
BRDA:118,2,0,0
BRDA:118,2,1,0
BRF:6
BRH:0
end_of_record
TN:
SF:server\storage\spots.ts
FN:32,(anonymous_0)
FN:65,(anonymous_1)
FN:103,(anonymous_2)
FN:112,(anonymous_3)
FN:135,(anonymous_4)
FN:163,(anonymous_5)
FN:172,(anonymous_6)
FN:194,(anonymous_7)
FN:213,(anonymous_8)
FN:231,(anonymous_9)
FN:256,(anonymous_10)
FN:275,(anonymous_11)
FN:288,(anonymous_12)
FN:297,(anonymous_13)
FNF:14
FNH:0
FNDA:0,(anonymous_0)
FNDA:0,(anonymous_1)
FNDA:0,(anonymous_2)
FNDA:0,(anonymous_3)
FNDA:0,(anonymous_4)
FNDA:0,(anonymous_5)
FNDA:0,(anonymous_6)
FNDA:0,(anonymous_7)
FNDA:0,(anonymous_8)
FNDA:0,(anonymous_9)
FNDA:0,(anonymous_10)
FNDA:0,(anonymous_11)
FNDA:0,(anonymous_12)
FNDA:0,(anonymous_13)
DA:33,0
DA:34,0
DA:37,0
DA:58,0
DA:59,0
DA:66,0
DA:67,0
DA:68,0
DA:71,0
DA:73,0
DA:74,0
DA:76,0
DA:77,0
DA:79,0
DA:80,0
DA:82,0
DA:83,0
DA:85,0
DA:86,0
DA:89,0
DA:95,0
DA:96,0
DA:98,0
DA:99,0
DA:102,0
DA:103,0
DA:113,0
DA:114,0
DA:117,0
DA:125,0
DA:126,0
DA:141,0
DA:142,0
DA:148,0
DA:149,0
DA:151,0
DA:163,0
DA:173,0
DA:174,0
DA:177,0
DA:185,0
DA:186,0
DA:188,0
DA:195,0
DA:196,0
DA:199,0
DA:204,0
DA:205,0
DA:207,0
DA:214,0
DA:215,0
DA:218,0
DA:225,0
DA:232,0
DA:233,0
DA:236,0
DA:237,0
DA:239,0
DA:240,0
DA:242,0
DA:250,0
DA:257,0
DA:258,0
DA:261,0
DA:266,0
DA:267,0
DA:269,0
DA:276,0
DA:277,0
DA:280,0
DA:288,0
DA:298,0
DA:299,0
DA:302,0
DA:308,0
DA:312,0
LF:76
LH:0
BRDA:33,0,0,0
BRDA:33,0,1,0
BRDA:39,1,0,0
BRDA:39,1,1,0
BRDA:40,2,0,0
BRDA:40,2,1,0
BRDA:41,3,0,0
BRDA:41,3,1,0
BRDA:44,4,0,0
BRDA:44,4,1,0
BRDA:45,5,0,0
BRDA:45,5,1,0
BRDA:46,6,0,0
BRDA:46,6,1,0
BRDA:47,7,0,0
BRDA:47,7,1,0
BRDA:50,8,0,0
BRDA:50,8,1,0
BRDA:65,9,0,0
BRDA:66,10,0,0
BRDA:66,10,1,0
BRDA:73,11,0,0
BRDA:73,11,1,0
BRDA:76,12,0,0
BRDA:76,12,1,0
BRDA:79,13,0,0
BRDA:79,13,1,0
BRDA:82,14,0,0
BRDA:82,14,1,0
BRDA:85,15,0,0
BRDA:85,15,1,0
BRDA:95,16,0,0
BRDA:95,16,1,0
BRDA:98,17,0,0
BRDA:98,17,1,0
BRDA:105,18,0,0
BRDA:105,18,1,0
BRDA:105,19,0,0
BRDA:105,19,1,0
BRDA:113,20,0,0
BRDA:113,20,1,0
BRDA:125,21,0,0
BRDA:125,21,1,0
BRDA:128,22,0,0
BRDA:128,22,1,0
BRDA:128,23,0,0
BRDA:128,23,1,0
BRDA:138,24,0,0
BRDA:139,25,0,0
BRDA:141,26,0,0
BRDA:141,26,1,0
BRDA:165,27,0,0
BRDA:165,27,1,0
BRDA:165,28,0,0
BRDA:165,28,1,0
BRDA:173,29,0,0
BRDA:173,29,1,0
BRDA:185,30,0,0
BRDA:185,30,1,0
BRDA:188,31,0,0
BRDA:188,31,1,0
BRDA:195,32,0,0
BRDA:195,32,1,0
BRDA:204,33,0,0
BRDA:204,33,1,0
BRDA:214,34,0,0
BRDA:214,34,1,0
BRDA:232,35,0,0
BRDA:232,35,1,0
BRDA:237,36,0,0
BRDA:237,36,1,0
BRDA:240,37,0,0
BRDA:240,37,1,0
BRDA:257,38,0,0
BRDA:257,38,1,0
BRDA:266,39,0,0
BRDA:266,39,1,0
BRDA:269,40,0,0
BRDA:269,40,1,0
BRDA:276,41,0,0
BRDA:276,41,1,0
BRDA:290,42,0,0
BRDA:290,42,1,0
BRDA:290,43,0,0
BRDA:290,43,1,0
BRDA:298,44,0,0
BRDA:298,44,1,0
BRDA:308,45,0,0
BRDA:308,45,1,0
BRF:89
BRH:0
end_of_record
TN:
SF:server\storage\types.ts
FNF:0
FNH:0
LF:0
LH:0
BRF:0
BRH:0
end_of_record
TN:
SF:shared\analytics-events.ts
FN:117,validateEventProps
FNF:1
FNH:0
FNDA:0,validateEventProps
DA:14,0
DA:35,0
DA:41,0
DA:59,0
DA:69,0
DA:76,0
DA:83,0
DA:91,0
DA:99,0
DA:106,0
DA:121,0
DA:123,0
DA:125,0
DA:127,0
DA:129,0
DA:131,0
DA:133,0
DA:135,0
DA:138,0
LF:19
LH:0
BRDA:121,0,0,0
BRDA:121,0,1,0
BRDA:121,0,2,0
BRDA:121,0,3,0
BRDA:121,0,4,0
BRDA:121,0,5,0
BRDA:121,0,6,0
BRDA:121,0,7,0
BRF:8
BRH:0
end_of_record
TN:
SF:shared\checkin-types.ts
FNF:0
FNH:0
DA:3,0
LF:1
LH:0
BRF:0
BRH:0
end_of_record
TN:
SF:shared\index.ts
FNF:0
FNH:0
DA:1,0
DA:2,0
DA:3,0
DA:4,0
LF:4
LH:0
BRF:0
BRH:0
end_of_record
TN:
SF:shared\schema-analytics.ts
FN:47,(anonymous_0)
FNF:1
FNH:0
FNDA:0,(anonymous_0)
DA:19,0
DA:47,0
LF:2
LH:0
BRF:0
BRH:0
end_of_record
TN:
SF:shared\schema.ts
FN:7,(anonymous_0)
FN:8,(anonymous_1)
FN:38,(anonymous_2)
FN:53,(anonymous_3)
FN:145,(anonymous_4)
FN:163,(anonymous_5)
FN:177,(anonymous_6)
FN:196,(anonymous_7)
FN:280,(anonymous_8)
FN:289,(anonymous_9)
FN:292,(anonymous_10)
FN:322,(anonymous_11)
FNF:12
FNH:3
FNDA:14,(anonymous_0)
FNDA:9,(anonymous_1)
FNDA:12,(anonymous_2)
FNDA:0,(anonymous_3)
FNDA:0,(anonymous_4)
FNDA:0,(anonymous_5)
FNDA:0,(anonymous_6)
FNDA:0,(anonymous_7)
FNDA:0,(anonymous_8)
FNDA:0,(anonymous_9)
FNDA:0,(anonymous_10)
FNDA:0,(anonymous_11)
DA:3,1
DA:7,14
DA:8,9
DA:13,1
DA:20,1
DA:25,1
DA:30,1
DA:34,1
DA:38,12
DA:46,1
DA:53,0
DA:59,1
DA:71,1
DA:92,1
DA:107,1
DA:115,1
DA:125,1
DA:143,1
DA:145,0
DA:152,1
DA:163,0
DA:171,1
DA:177,0
DA:184,1
DA:194,1
DA:196,0
DA:205,1
DA:216,1
DA:230,1
DA:247,1
DA:254,1
DA:258,1
DA:280,0
DA:286,1
DA:289,0
DA:292,0
DA:302,1
DA:313,1
DA:322,0
DA:326,1
DA:334,1
DA:338,1
DA:343,1
DA:349,1
DA:354,1
DA:356,1
DA:362,1
DA:367,1
DA:372,1
DA:398,1
DA:417,1
DA:428,1
DA:435,1
DA:441,1
DA:448,1
DA:453,1
DA:458,1
DA:462,1
DA:466,1
DA:512,1
DA:528,1
DA:540,1
DA:550,1
DA:555,1
DA:560,1
LF:65
LH:56
BRDA:7,0,0,14
BRDA:7,0,1,12
BRDA:38,1,0,12
BRDA:38,1,1,8
BRF:4
BRH:4
end_of_record
TN:
SF:shared\sitemap-config.ts
FN:190,getEnabledEntries
FN:191,(anonymous_1)
FN:197,getEntriesByCategory
FN:198,(anonymous_3)
FN:204,getFullUrl
FN:211,generateSitemapXml
FN:215,(anonymous_6)
FN:234,validateEntry
FN:251,validateAllEntries
FNF:9
FNH:0
FNDA:0,getEnabledEntries
FNDA:0,(anonymous_1)
FNDA:0,getEntriesByCategory
FNDA:0,(anonymous_3)
FNDA:0,getFullUrl
FNDA:0,generateSitemapXml
FNDA:0,(anonymous_6)
FNDA:0,validateEntry
FNDA:0,validateAllEntries
DA:57,0
DA:60,0
DA:81,0
DA:191,0
DA:198,0
DA:205,0
DA:212,0
DA:214,0
DA:216,0
DA:217,0
DA:225,0
DA:235,0
DA:237,0
DA:238,0
DA:241,0
DA:242,0
DA:245,0
DA:252,0
DA:254,0
DA:255,0
DA:256,0
DA:257,0
DA:261,0
LF:23
LH:0
BRDA:216,0,0,0
BRDA:216,0,1,0
BRDA:237,1,0,0
BRDA:237,1,1,0
BRDA:241,2,0,0
BRDA:241,2,1,0
BRDA:241,3,0,0
BRDA:241,3,1,0
BRDA:256,4,0,0
BRDA:256,4,1,0
BRF:10
BRH:0
end_of_record
